  [1m[36mActiveRecord::SchemaMigration Pluck (0.9ms)[0m  [1m[34mSELECT "schema_migrations"."version" FROM "schema_migrations" ORDER BY "schema_migrations"."version" ASC[0m
  [1m[36mActiveRecord::InternalMetadata Pluck (0.6ms)[0m  [1m[34mSELECT "ar_internal_metadata"."value" FROM "ar_internal_metadata" WHERE "ar_internal_metadata"."key" = $1 LIMIT $2[0m  [["key", "environment"], ["LIMIT", 1]]
  [1m[36mActiveRecord::SchemaMigration Pluck (0.2ms)[0m  [1m[34mSELECT "schema_migrations"."version" FROM "schema_migrations" ORDER BY "schema_migrations"."version" ASC[0m
  [1m[36mActiveRecord::InternalMetadata Pluck (0.1ms)[0m  [1m[34mSELECT "ar_internal_metadata"."value" FROM "ar_internal_metadata" WHERE "ar_internal_metadata"."key" = $1 LIMIT $2[0m  [["key", "environment"], ["LIMIT", 1]]
  [1m[36mActiveRecord::SchemaMigration Pluck (0.1ms)[0m  [1m[34mSELECT "schema_migrations"."version" FROM "schema_migrations" ORDER BY "schema_migrations"."version" ASC[0m
  [1m[36mActiveRecord::InternalMetadata Pluck (0.1ms)[0m  [1m[34mSELECT "ar_internal_metadata"."value" FROM "ar_internal_metadata" WHERE "ar_internal_metadata"."key" = $1 LIMIT $2[0m  [["key", "environment"], ["LIMIT", 1]]
  [1m[35m (29.5ms)[0m  [1m[35mDROP DATABASE IF EXISTS "cafe_app_development"[0m
  [1m[35m (22.7ms)[0m  [1m[35mDROP DATABASE IF EXISTS "cafe_app_test"[0m
  [1m[35m (117.9ms)[0m  [1m[35mCREATE DATABASE "cafe_app_development" ENCODING = 'unicode'[0m
  [1m[35m (36.0ms)[0m  [1m[35mCREATE DATABASE "cafe_app_test" ENCODING = 'unicode'[0m
  [1m[35m (4.5ms)[0m  [1m[35mCREATE TABLE "schema_migrations" ("version" character varying NOT NULL PRIMARY KEY)[0m
  [1m[35m (3.8ms)[0m  [1m[35mCREATE TABLE "ar_internal_metadata" ("key" character varying NOT NULL PRIMARY KEY, "value" character varying, "created_at" timestamp(6) NOT NULL, "updated_at" timestamp(6) NOT NULL)[0m
  [1m[35m (0.2ms)[0m  [1m[34mSELECT pg_try_advisory_lock(2953311040616065710)[0m
  [1m[36mActiveRecord::SchemaMigration Pluck (0.6ms)[0m  [1m[34mSELECT "schema_migrations"."version" FROM "schema_migrations" ORDER BY "schema_migrations"."version" ASC[0m
Migrating to CreateArtikels (20230904094621)
  [1m[36mTRANSACTION (0.1ms)[0m  [1m[35mBEGIN[0m
  [1m[35m (3.4ms)[0m  [1m[35mCREATE TABLE "artikels" ("id" bigserial primary key, "name" character varying, "artikelkategorie_id" integer, "preis" integer, "created_at" timestamp(6) NOT NULL, "updated_at" timestamp(6) NOT NULL)[0m
  [1m[36mActiveRecord::SchemaMigration Create (0.6ms)[0m  [1m[32mINSERT INTO "schema_migrations" ("version") VALUES ($1) RETURNING "version"[0m  [["version", "20230904094621"]]
  [1m[36mTRANSACTION (0.2ms)[0m  [1m[35mCOMMIT[0m
Migrating to CreateArtikelkategories (20230904122205)
  [1m[36mTRANSACTION (0.2ms)[0m  [1m[35mBEGIN[0m
  [1m[35m (2.9ms)[0m  [1m[35mCREATE TABLE "artikelkategories" ("id" bigserial primary key, "kategorie" character varying, "created_at" timestamp(6) NOT NULL, "updated_at" timestamp(6) NOT NULL)[0m
  [1m[36mActiveRecord::SchemaMigration Create (0.2ms)[0m  [1m[32mINSERT INTO "schema_migrations" ("version") VALUES ($1) RETURNING "version"[0m  [["version", "20230904122205"]]
  [1m[36mTRANSACTION (0.3ms)[0m  [1m[35mCOMMIT[0m
Migrating to CreateBestellungs (20230906090237)
  [1m[36mTRANSACTION (0.2ms)[0m  [1m[35mBEGIN[0m
  [1m[35m (1.4ms)[0m  [1m[35mCREATE TABLE "bestellungs" ("id" bigserial primary key, "tischnummer" integer, "created_at" timestamp(6) NOT NULL, "updated_at" timestamp(6) NOT NULL)[0m
  [1m[36mActiveRecord::SchemaMigration Create (0.1ms)[0m  [1m[32mINSERT INTO "schema_migrations" ("version") VALUES ($1) RETURNING "version"[0m  [["version", "20230906090237"]]
  [1m[36mTRANSACTION (0.4ms)[0m  [1m[35mCOMMIT[0m
Migrating to CreateBestellungArtikels (20230906095552)
  [1m[36mTRANSACTION (0.3ms)[0m  [1m[35mBEGIN[0m
  [1m[35m (3.3ms)[0m  [1m[35mCREATE TABLE "bestellung_artikels" ("id" bigserial primary key, "id_bestellung" integer, "id_artikel" integer, "anzahl" integer, "created_at" timestamp(6) NOT NULL, "updated_at" timestamp(6) NOT NULL)[0m
  [1m[36mActiveRecord::SchemaMigration Create (0.7ms)[0m  [1m[32mINSERT INTO "schema_migrations" ("version") VALUES ($1) RETURNING "version"[0m  [["version", "20230906095552"]]
  [1m[36mTRANSACTION (0.2ms)[0m  [1m[35mCOMMIT[0m
  [1m[36mActiveRecord::InternalMetadata Load (0.4ms)[0m  [1m[34mSELECT "ar_internal_metadata".* FROM "ar_internal_metadata" WHERE "ar_internal_metadata"."key" = $1 LIMIT $2[0m  [["key", "environment"], ["LIMIT", 1]]
  [1m[36mTRANSACTION (0.1ms)[0m  [1m[35mBEGIN[0m
  [1m[36mActiveRecord::InternalMetadata Create (0.5ms)[0m  [1m[32mINSERT INTO "ar_internal_metadata" ("key", "value", "created_at", "updated_at") VALUES ($1, $2, $3, $4) RETURNING "key"[0m  [["key", "environment"], ["value", "development"], ["created_at", "2023-09-08 07:50:22.447080"], ["updated_at", "2023-09-08 07:50:22.447080"]]
  [1m[36mTRANSACTION (0.6ms)[0m  [1m[35mCOMMIT[0m
  [1m[35m (0.3ms)[0m  [1m[34mSELECT pg_advisory_unlock(2953311040616065710)[0m
  [1m[36mActiveRecord::SchemaMigration Pluck (0.6ms)[0m  [1m[34mSELECT "schema_migrations"."version" FROM "schema_migrations" ORDER BY "schema_migrations"."version" ASC[0m
  [1m[36mActiveRecord::SchemaMigration Pluck (0.7ms)[0m  [1m[34mSELECT "schema_migrations"."version" FROM "schema_migrations" ORDER BY "schema_migrations"."version" ASC[0m
  [1m[36mArtikel Load (0.5ms)[0m  [1m[34mSELECT "artikels".* FROM "artikels"[0m
  [1m[36mArtikelkategorie Load (0.8ms)[0m  [1m[34mSELECT "artikelkategories".* FROM "artikelkategories"[0m
  [1m[36mBestellung Load (0.5ms)[0m  [1m[34mSELECT "bestellungs".* FROM "bestellungs"[0m
  [1m[36mBestellungArtikel Load (0.4ms)[0m  [1m[34mSELECT "bestellung_artikels".* FROM "bestellung_artikels"[0m
  [1m[36mTRANSACTION (0.1ms)[0m  [1m[35mBEGIN[0m
  [1m[36mArtikelkategorie Load (0.1ms)[0m  [1m[34mSELECT "artikelkategories".* FROM "artikelkategories" WHERE "artikelkategories"."id" = $1 LIMIT $2[0m  [["id", 1], ["LIMIT", 1]]
  [1m[36mTRANSACTION (0.1ms)[0m  [1m[31mROLLBACK[0m
  [1m[36mTRANSACTION (0.0ms)[0m  [1m[35mBEGIN[0m
  [1m[36mArtikelkategorie Load (0.1ms)[0m  [1m[34mSELECT "artikelkategories".* FROM "artikelkategories" WHERE "artikelkategories"."id" = $1 LIMIT $2[0m  [["id", 2], ["LIMIT", 1]]
  [1m[36mTRANSACTION (0.1ms)[0m  [1m[31mROLLBACK[0m
  [1m[36mTRANSACTION (0.1ms)[0m  [1m[35mBEGIN[0m
  [1m[36mArtikelkategorie Create (0.6ms)[0m  [1m[32mINSERT INTO "artikelkategories" ("kategorie", "created_at", "updated_at") VALUES ($1, $2, $3) RETURNING "id"[0m  [["kategorie", "Snacks"], ["created_at", "2023-09-08 07:50:23.503886"], ["updated_at", "2023-09-08 07:50:23.503886"]]
  [1m[36mTRANSACTION (0.4ms)[0m  [1m[35mCOMMIT[0m
  [1m[36mTRANSACTION (0.1ms)[0m  [1m[35mBEGIN[0m
  [1m[36mArtikelkategorie Create (0.2ms)[0m  [1m[32mINSERT INTO "artikelkategories" ("kategorie", "created_at", "updated_at") VALUES ($1, $2, $3) RETURNING "id"[0m  [["kategorie", "Kaltgetränke"], ["created_at", "2023-09-08 07:50:23.506220"], ["updated_at", "2023-09-08 07:50:23.506220"]]
  [1m[36mTRANSACTION (0.2ms)[0m  [1m[35mCOMMIT[0m
  [1m[36mTRANSACTION (0.0ms)[0m  [1m[35mBEGIN[0m
  [1m[36mArtikelkategorie Create (0.1ms)[0m  [1m[32mINSERT INTO "artikelkategories" ("kategorie", "created_at", "updated_at") VALUES ($1, $2, $3) RETURNING "id"[0m  [["kategorie", "Heißgetränke"], ["created_at", "2023-09-08 07:50:23.507573"], ["updated_at", "2023-09-08 07:50:23.507573"]]
  [1m[36mTRANSACTION (0.2ms)[0m  [1m[35mCOMMIT[0m
  [1m[36mTRANSACTION (0.1ms)[0m  [1m[35mBEGIN[0m
  [1m[36mBestellung Create (0.5ms)[0m  [1m[32mINSERT INTO "bestellungs" ("tischnummer", "created_at", "updated_at") VALUES ($1, $2, $3) RETURNING "id"[0m  [["tischnummer", 1], ["created_at", "2023-09-08 07:50:23.513519"], ["updated_at", "2023-09-08 07:50:23.513519"]]
  [1m[36mTRANSACTION (0.3ms)[0m  [1m[35mCOMMIT[0m
  [1m[36mTRANSACTION (0.1ms)[0m  [1m[35mBEGIN[0m
  [1m[36mBestellung Create (0.2ms)[0m  [1m[32mINSERT INTO "bestellungs" ("tischnummer", "created_at", "updated_at") VALUES ($1, $2, $3) RETURNING "id"[0m  [["tischnummer", 2], ["created_at", "2023-09-08 07:50:23.515393"], ["updated_at", "2023-09-08 07:50:23.515393"]]
  [1m[36mTRANSACTION (0.2ms)[0m  [1m[35mCOMMIT[0m
  [1m[36mTRANSACTION (0.1ms)[0m  [1m[35mBEGIN[0m
  [1m[36mBestellung Create (0.1ms)[0m  [1m[32mINSERT INTO "bestellungs" ("tischnummer", "created_at", "updated_at") VALUES ($1, $2, $3) RETURNING "id"[0m  [["tischnummer", 2], ["created_at", "2023-09-08 07:50:23.516882"], ["updated_at", "2023-09-08 07:50:23.516882"]]
  [1m[36mTRANSACTION (0.2ms)[0m  [1m[35mCOMMIT[0m
  [1m[36mTRANSACTION (0.1ms)[0m  [1m[35mBEGIN[0m
  [1m[36mBestellungArtikel Create (0.5ms)[0m  [1m[32mINSERT INTO "bestellung_artikels" ("id_bestellung", "id_artikel", "anzahl", "created_at", "updated_at") VALUES ($1, $2, $3, $4, $5) RETURNING "id"[0m  [["id_bestellung", 28], ["id_artikel", 2], ["anzahl", 4], ["created_at", "2023-09-08 07:50:23.529442"], ["updated_at", "2023-09-08 07:50:23.529442"]]
  [1m[36mTRANSACTION (0.2ms)[0m  [1m[35mCOMMIT[0m
  [1m[36mTRANSACTION (0.1ms)[0m  [1m[35mBEGIN[0m
  [1m[36mBestellungArtikel Create (0.2ms)[0m  [1m[32mINSERT INTO "bestellung_artikels" ("id_bestellung", "id_artikel", "anzahl", "created_at", "updated_at") VALUES ($1, $2, $3, $4, $5) RETURNING "id"[0m  [["id_bestellung", 29], ["id_artikel", 3], ["anzahl", 2], ["created_at", "2023-09-08 07:50:23.531527"], ["updated_at", "2023-09-08 07:50:23.531527"]]
  [1m[36mTRANSACTION (0.2ms)[0m  [1m[35mCOMMIT[0m
  [1m[36mTRANSACTION (0.1ms)[0m  [1m[35mBEGIN[0m
  [1m[36mBestellungArtikel Create (0.2ms)[0m  [1m[32mINSERT INTO "bestellung_artikels" ("id_bestellung", "id_artikel", "anzahl", "created_at", "updated_at") VALUES ($1, $2, $3, $4, $5) RETURNING "id"[0m  [["id_bestellung", 30], ["id_artikel", 1], ["anzahl", 1], ["created_at", "2023-09-08 07:50:23.532965"], ["updated_at", "2023-09-08 07:50:23.532965"]]
  [1m[36mTRANSACTION (0.2ms)[0m  [1m[35mCOMMIT[0m
Started GET "/artikelkategories/29" for 127.0.0.1 at 2023-09-08 09:51:09 +0200
  [1m[36mActiveRecord::SchemaMigration Pluck (1.0ms)[0m  [1m[34mSELECT "schema_migrations"."version" FROM "schema_migrations" ORDER BY "schema_migrations"."version" ASC[0m
Processing by ArtikelkategoriesController#show as HTML
  Parameters: {"id"=>"29"}
  [1m[36mArtikelkategorie Load (0.5ms)[0m  [1m[34mSELECT "artikelkategories".* FROM "artikelkategories" WHERE "artikelkategories"."id" = $1 LIMIT $2[0m  [["id", 29], ["LIMIT", 1]]
  ↳ app/controllers/artikelkategories_controller.rb:47:in `set_artikelkategory'
Completed 404 Not Found in 18ms (ActiveRecord: 7.4ms | Allocations: 8642)


  
ActiveRecord::RecordNotFound (Couldn't find Artikelkategorie with 'id'=29):
  
app/controllers/artikelkategories_controller.rb:47:in `set_artikelkategory'
Started GET "/artikelkategories" for 127.0.0.1 at 2023-09-08 09:51:12 +0200
Processing by ArtikelkategoriesController#index as HTML
  Rendering layout layouts/application.html.erb
  Rendering artikelkategories/index.html.erb within layouts/application
  [1m[36mArtikelkategorie Load (0.4ms)[0m  [1m[34mSELECT "artikelkategories".* FROM "artikelkategories"[0m
  ↳ app/views/artikelkategories/index.html.erb:6
  Rendered artikelkategories/_artikelkategorie.html.erb (Duration: 0.6ms | Allocations: 203)
  Rendered artikelkategories/_artikelkategorie.html.erb (Duration: 0.0ms | Allocations: 16)
  Rendered artikelkategories/_artikelkategorie.html.erb (Duration: 0.0ms | Allocations: 16)
  Rendered artikelkategories/index.html.erb within layouts/application (Duration: 14.6ms | Allocations: 16000)
  Rendered layout layouts/application.html.erb (Duration: 38.6ms | Allocations: 50685)
Completed 200 OK in 42ms (Views: 40.4ms | ActiveRecord: 0.4ms | Allocations: 51885)


Started GET "/artikelkategories/2" for 127.0.0.1 at 2023-09-08 09:51:14 +0200
Processing by ArtikelkategoriesController#show as HTML
  Parameters: {"id"=>"2"}
  [1m[36mArtikelkategorie Load (0.4ms)[0m  [1m[34mSELECT "artikelkategories".* FROM "artikelkategories" WHERE "artikelkategories"."id" = $1 LIMIT $2[0m  [["id", 2], ["LIMIT", 1]]
  ↳ app/controllers/artikelkategories_controller.rb:47:in `set_artikelkategory'
  Rendering layout layouts/application.html.erb
  Rendering artikelkategories/show.html.erb within layouts/application
  Rendered artikelkategories/_artikelkategorie.html.erb (Duration: 0.1ms | Allocations: 17)
  Rendered artikelkategories/show.html.erb within layouts/application (Duration: 2.7ms | Allocations: 879)
  Rendered layout layouts/application.html.erb (Duration: 7.4ms | Allocations: 3087)
Completed 200 OK in 12ms (Views: 8.2ms | ActiveRecord: 0.4ms | Allocations: 3943)


Started GET "/artikelkategories/2/artikels" for 127.0.0.1 at 2023-09-08 09:51:16 +0200
Processing by ArtikelsController#index as HTML
  Parameters: {"artikelkategory_id"=>"2"}
  [1m[36mArtikelkategorie Load (0.3ms)[0m  [1m[34mSELECT "artikelkategories".* FROM "artikelkategories" WHERE "artikelkategories"."id" = $1 LIMIT $2[0m  [["id", 2], ["LIMIT", 1]]
  ↳ app/controllers/artikels_controller.rb:56:in `set_artikelkategorie'
  Rendering layout layouts/application.html.erb
  Rendering artikels/index.html.erb within layouts/application
  Rendered artikels/_artikelkat.html.erb (Duration: 0.3ms | Allocations: 170)
  [1m[36mArtikel Load (0.3ms)[0m  [1m[34mSELECT "artikels".* FROM "artikels" WHERE "artikels"."artikelkategorie_id" = $1[0m  [["artikelkategorie_id", 2]]
  ↳ app/views/artikels/index.html.erb:8
  Rendered artikels/index.html.erb within layouts/application (Duration: 5.3ms | Allocations: 3550)
  Rendered layout layouts/application.html.erb (Duration: 7.0ms | Allocations: 5846)
Completed 200 OK in 20ms (Views: 6.3ms | ActiveRecord: 1.8ms | Allocations: 14587)


  [1m[36mActiveRecord::SchemaMigration Pluck (0.4ms)[0m  [1m[34mSELECT "schema_migrations"."version" FROM "schema_migrations" ORDER BY "schema_migrations"."version" ASC[0m
  [1m[36mArtikel Load (0.5ms)[0m  [1m[34mSELECT "artikels".* FROM "artikels"[0m
  [1m[36mArtikelkategorie Load (0.3ms)[0m  [1m[34mSELECT "artikelkategories".* FROM "artikelkategories"[0m
  [1m[36mTRANSACTION (0.1ms)[0m  [1m[35mBEGIN[0m
  [1m[36mArtikelkategorie Destroy (0.4ms)[0m  [1m[31mDELETE FROM "artikelkategories" WHERE "artikelkategories"."id" = $1[0m  [["id", 1]]
  [1m[36mTRANSACTION (0.5ms)[0m  [1m[35mCOMMIT[0m
  [1m[36mTRANSACTION (0.1ms)[0m  [1m[35mBEGIN[0m
  [1m[36mArtikelkategorie Destroy (0.1ms)[0m  [1m[31mDELETE FROM "artikelkategories" WHERE "artikelkategories"."id" = $1[0m  [["id", 2]]
  [1m[36mTRANSACTION (0.2ms)[0m  [1m[35mCOMMIT[0m
  [1m[36mTRANSACTION (0.1ms)[0m  [1m[35mBEGIN[0m
  [1m[36mArtikelkategorie Destroy (0.1ms)[0m  [1m[31mDELETE FROM "artikelkategories" WHERE "artikelkategories"."id" = $1[0m  [["id", 3]]
  [1m[36mTRANSACTION (0.2ms)[0m  [1m[35mCOMMIT[0m
  [1m[36mBestellung Load (0.4ms)[0m  [1m[34mSELECT "bestellungs".* FROM "bestellungs"[0m
  [1m[36mTRANSACTION (0.1ms)[0m  [1m[35mBEGIN[0m
  [1m[36mBestellung Destroy (0.2ms)[0m  [1m[31mDELETE FROM "bestellungs" WHERE "bestellungs"."id" = $1[0m  [["id", 1]]
  [1m[36mTRANSACTION (0.3ms)[0m  [1m[35mCOMMIT[0m
  [1m[36mTRANSACTION (0.1ms)[0m  [1m[35mBEGIN[0m
  [1m[36mBestellung Destroy (0.2ms)[0m  [1m[31mDELETE FROM "bestellungs" WHERE "bestellungs"."id" = $1[0m  [["id", 2]]
  [1m[36mTRANSACTION (0.2ms)[0m  [1m[35mCOMMIT[0m
  [1m[36mTRANSACTION (0.1ms)[0m  [1m[35mBEGIN[0m
  [1m[36mBestellung Destroy (0.1ms)[0m  [1m[31mDELETE FROM "bestellungs" WHERE "bestellungs"."id" = $1[0m  [["id", 3]]
  [1m[36mTRANSACTION (0.2ms)[0m  [1m[35mCOMMIT[0m
  [1m[36mBestellungArtikel Load (0.5ms)[0m  [1m[34mSELECT "bestellung_artikels".* FROM "bestellung_artikels"[0m
  [1m[36mTRANSACTION (0.0ms)[0m  [1m[35mBEGIN[0m
  [1m[36mBestellungArtikel Destroy (0.1ms)[0m  [1m[31mDELETE FROM "bestellung_artikels" WHERE "bestellung_artikels"."id" = $1[0m  [["id", 1]]
  [1m[36mTRANSACTION (0.1ms)[0m  [1m[35mCOMMIT[0m
  [1m[36mTRANSACTION (0.0ms)[0m  [1m[35mBEGIN[0m
  [1m[36mBestellungArtikel Destroy (0.1ms)[0m  [1m[31mDELETE FROM "bestellung_artikels" WHERE "bestellung_artikels"."id" = $1[0m  [["id", 2]]
  [1m[36mTRANSACTION (0.1ms)[0m  [1m[35mCOMMIT[0m
  [1m[36mTRANSACTION (0.0ms)[0m  [1m[35mBEGIN[0m
  [1m[36mBestellungArtikel Destroy (0.1ms)[0m  [1m[31mDELETE FROM "bestellung_artikels" WHERE "bestellung_artikels"."id" = $1[0m  [["id", 3]]
  [1m[36mTRANSACTION (0.1ms)[0m  [1m[35mCOMMIT[0m
  [1m[36mTRANSACTION (0.1ms)[0m  [1m[35mBEGIN[0m
  [1m[36mArtikelkategorie Create (0.3ms)[0m  [1m[32mINSERT INTO "artikelkategories" ("kategorie", "created_at", "updated_at") VALUES ($1, $2, $3) RETURNING "id"[0m  [["kategorie", "Snacks"], ["created_at", "2023-09-08 07:51:55.583472"], ["updated_at", "2023-09-08 07:51:55.583472"]]
  [1m[36mTRANSACTION (0.2ms)[0m  [1m[35mCOMMIT[0m
  [1m[36mTRANSACTION (0.1ms)[0m  [1m[35mBEGIN[0m
  [1m[36mArtikelkategorie Create (0.2ms)[0m  [1m[32mINSERT INTO "artikelkategories" ("kategorie", "created_at", "updated_at") VALUES ($1, $2, $3) RETURNING "id"[0m  [["kategorie", "Kaltgetränke"], ["created_at", "2023-09-08 07:51:55.585084"], ["updated_at", "2023-09-08 07:51:55.585084"]]
  [1m[36mTRANSACTION (0.2ms)[0m  [1m[35mCOMMIT[0m
  [1m[36mTRANSACTION (0.1ms)[0m  [1m[35mBEGIN[0m
  [1m[36mArtikelkategorie Create (0.2ms)[0m  [1m[32mINSERT INTO "artikelkategories" ("kategorie", "created_at", "updated_at") VALUES ($1, $2, $3) RETURNING "id"[0m  [["kategorie", "Heißgetränke"], ["created_at", "2023-09-08 07:51:55.586330"], ["updated_at", "2023-09-08 07:51:55.586330"]]
  [1m[36mTRANSACTION (0.2ms)[0m  [1m[35mCOMMIT[0m
  [1m[36mTRANSACTION (0.3ms)[0m  [1m[35mBEGIN[0m
  [1m[36mArtikelkategorie Load (0.2ms)[0m  [1m[34mSELECT "artikelkategories".* FROM "artikelkategories" WHERE "artikelkategories"."id" = $1 LIMIT $2[0m  [["id", 1], ["LIMIT", 1]]
  [1m[36mTRANSACTION (0.1ms)[0m  [1m[31mROLLBACK[0m
  [1m[36mTRANSACTION (0.1ms)[0m  [1m[35mBEGIN[0m
  [1m[36mArtikelkategorie Load (0.1ms)[0m  [1m[34mSELECT "artikelkategories".* FROM "artikelkategories" WHERE "artikelkategories"."id" = $1 LIMIT $2[0m  [["id", 2], ["LIMIT", 1]]
  [1m[36mTRANSACTION (0.1ms)[0m  [1m[31mROLLBACK[0m
  [1m[36mTRANSACTION (0.1ms)[0m  [1m[35mBEGIN[0m
  [1m[36mBestellung Create (0.3ms)[0m  [1m[32mINSERT INTO "bestellungs" ("tischnummer", "created_at", "updated_at") VALUES ($1, $2, $3) RETURNING "id"[0m  [["tischnummer", 1], ["created_at", "2023-09-08 07:51:55.605939"], ["updated_at", "2023-09-08 07:51:55.605939"]]
  [1m[36mTRANSACTION (0.2ms)[0m  [1m[35mCOMMIT[0m
  [1m[36mTRANSACTION (0.1ms)[0m  [1m[35mBEGIN[0m
  [1m[36mBestellung Create (0.2ms)[0m  [1m[32mINSERT INTO "bestellungs" ("tischnummer", "created_at", "updated_at") VALUES ($1, $2, $3) RETURNING "id"[0m  [["tischnummer", 2], ["created_at", "2023-09-08 07:51:55.607606"], ["updated_at", "2023-09-08 07:51:55.607606"]]
  [1m[36mTRANSACTION (0.2ms)[0m  [1m[35mCOMMIT[0m
  [1m[36mTRANSACTION (0.1ms)[0m  [1m[35mBEGIN[0m
  [1m[36mBestellung Create (0.2ms)[0m  [1m[32mINSERT INTO "bestellungs" ("tischnummer", "created_at", "updated_at") VALUES ($1, $2, $3) RETURNING "id"[0m  [["tischnummer", 2], ["created_at", "2023-09-08 07:51:55.608898"], ["updated_at", "2023-09-08 07:51:55.608898"]]
  [1m[36mTRANSACTION (0.2ms)[0m  [1m[35mCOMMIT[0m
  [1m[36mTRANSACTION (0.1ms)[0m  [1m[35mBEGIN[0m
  [1m[36mBestellungArtikel Create (0.3ms)[0m  [1m[32mINSERT INTO "bestellung_artikels" ("id_bestellung", "id_artikel", "anzahl", "created_at", "updated_at") VALUES ($1, $2, $3, $4, $5) RETURNING "id"[0m  [["id_bestellung", 28], ["id_artikel", 2], ["anzahl", 4], ["created_at", "2023-09-08 07:51:55.610145"], ["updated_at", "2023-09-08 07:51:55.610145"]]
  [1m[36mTRANSACTION (0.2ms)[0m  [1m[35mCOMMIT[0m
  [1m[36mTRANSACTION (0.1ms)[0m  [1m[35mBEGIN[0m
  [1m[36mBestellungArtikel Create (0.2ms)[0m  [1m[32mINSERT INTO "bestellung_artikels" ("id_bestellung", "id_artikel", "anzahl", "created_at", "updated_at") VALUES ($1, $2, $3, $4, $5) RETURNING "id"[0m  [["id_bestellung", 29], ["id_artikel", 3], ["anzahl", 2], ["created_at", "2023-09-08 07:51:55.611589"], ["updated_at", "2023-09-08 07:51:55.611589"]]
  [1m[36mTRANSACTION (0.2ms)[0m  [1m[35mCOMMIT[0m
  [1m[36mTRANSACTION (0.1ms)[0m  [1m[35mBEGIN[0m
  [1m[36mBestellungArtikel Create (0.3ms)[0m  [1m[32mINSERT INTO "bestellung_artikels" ("id_bestellung", "id_artikel", "anzahl", "created_at", "updated_at") VALUES ($1, $2, $3, $4, $5) RETURNING "id"[0m  [["id_bestellung", 30], ["id_artikel", 1], ["anzahl", 1], ["created_at", "2023-09-08 07:51:55.612968"], ["updated_at", "2023-09-08 07:51:55.612968"]]
  [1m[36mTRANSACTION (0.3ms)[0m  [1m[35mCOMMIT[0m
Started GET "/artikelkategories" for 127.0.0.1 at 2023-09-08 09:52:04 +0200
Processing by ArtikelkategoriesController#index as HTML
  Rendering layout layouts/application.html.erb
  Rendering artikelkategories/index.html.erb within layouts/application
  [1m[36mArtikelkategorie Load (0.3ms)[0m  [1m[34mSELECT "artikelkategories".* FROM "artikelkategories"[0m
  ↳ app/views/artikelkategories/index.html.erb:6
  Rendered artikelkategories/_artikelkategorie.html.erb (Duration: 0.1ms | Allocations: 17)
  Rendered artikelkategories/_artikelkategorie.html.erb (Duration: 0.2ms | Allocations: 16)
  Rendered artikelkategories/_artikelkategorie.html.erb (Duration: 0.1ms | Allocations: 16)
  Rendered artikelkategories/index.html.erb within layouts/application (Duration: 4.1ms | Allocations: 1130)
  Rendered layout layouts/application.html.erb (Duration: 8.6ms | Allocations: 3358)
Completed 200 OK in 10ms (Views: 8.9ms | ActiveRecord: 0.3ms | Allocations: 3685)


Started GET "/artikelkategories/6" for 127.0.0.1 at 2023-09-08 09:52:07 +0200
Processing by ArtikelkategoriesController#show as HTML
  Parameters: {"id"=>"6"}
  [1m[36mArtikelkategorie Load (0.3ms)[0m  [1m[34mSELECT "artikelkategories".* FROM "artikelkategories" WHERE "artikelkategories"."id" = $1 LIMIT $2[0m  [["id", 6], ["LIMIT", 1]]
  ↳ app/controllers/artikelkategories_controller.rb:47:in `set_artikelkategory'
  Rendering layout layouts/application.html.erb
  Rendering artikelkategories/show.html.erb within layouts/application
  Rendered artikelkategories/_artikelkategorie.html.erb (Duration: 0.1ms | Allocations: 17)
  Rendered artikelkategories/show.html.erb within layouts/application (Duration: 1.4ms | Allocations: 593)
  Rendered layout layouts/application.html.erb (Duration: 5.9ms | Allocations: 2800)
Completed 200 OK in 10ms (Views: 6.7ms | ActiveRecord: 0.3ms | Allocations: 3581)


Started GET "/artikelkategories" for 127.0.0.1 at 2023-09-08 09:52:09 +0200
Processing by ArtikelkategoriesController#index as HTML
  Rendering layout layouts/application.html.erb
  Rendering artikelkategories/index.html.erb within layouts/application
  [1m[36mArtikelkategorie Load (0.3ms)[0m  [1m[34mSELECT "artikelkategories".* FROM "artikelkategories"[0m
  ↳ app/views/artikelkategories/index.html.erb:6
  Rendered artikelkategories/_artikelkategorie.html.erb (Duration: 0.1ms | Allocations: 17)
  Rendered artikelkategories/_artikelkategorie.html.erb (Duration: 0.0ms | Allocations: 16)
  Rendered artikelkategories/_artikelkategorie.html.erb (Duration: 0.0ms | Allocations: 16)
  Rendered artikelkategories/index.html.erb within layouts/application (Duration: 3.0ms | Allocations: 1147)
  Rendered layout layouts/application.html.erb (Duration: 6.6ms | Allocations: 3375)
Completed 200 OK in 8ms (Views: 6.9ms | ActiveRecord: 0.3ms | Allocations: 3702)


Started GET "/artikelkategories/4" for 127.0.0.1 at 2023-09-08 09:52:10 +0200
Processing by ArtikelkategoriesController#show as HTML
  Parameters: {"id"=>"4"}
  [1m[36mArtikelkategorie Load (0.3ms)[0m  [1m[34mSELECT "artikelkategories".* FROM "artikelkategories" WHERE "artikelkategories"."id" = $1 LIMIT $2[0m  [["id", 4], ["LIMIT", 1]]
  ↳ app/controllers/artikelkategories_controller.rb:47:in `set_artikelkategory'
  Rendering layout layouts/application.html.erb
  Rendering artikelkategories/show.html.erb within layouts/application
  Rendered artikelkategories/_artikelkategorie.html.erb (Duration: 0.1ms | Allocations: 17)
  Rendered artikelkategories/show.html.erb within layouts/application (Duration: 1.5ms | Allocations: 611)
  Rendered layout layouts/application.html.erb (Duration: 6.4ms | Allocations: 2818)
Completed 200 OK in 10ms (Views: 7.1ms | ActiveRecord: 0.3ms | Allocations: 3601)


Started GET "/artikelkategories" for 127.0.0.1 at 2023-09-08 09:52:12 +0200
Processing by ArtikelkategoriesController#index as HTML
  Rendering layout layouts/application.html.erb
  Rendering artikelkategories/index.html.erb within layouts/application
  [1m[36mArtikelkategorie Load (0.3ms)[0m  [1m[34mSELECT "artikelkategories".* FROM "artikelkategories"[0m
  ↳ app/views/artikelkategories/index.html.erb:6
  Rendered artikelkategories/_artikelkategorie.html.erb (Duration: 0.2ms | Allocations: 17)
  Rendered artikelkategories/_artikelkategorie.html.erb (Duration: 0.3ms | Allocations: 16)
  Rendered artikelkategories/_artikelkategorie.html.erb (Duration: 0.1ms | Allocations: 16)
  Rendered artikelkategories/index.html.erb within layouts/application (Duration: 5.3ms | Allocations: 1115)
  Rendered layout layouts/application.html.erb (Duration: 10.1ms | Allocations: 3343)
Completed 200 OK in 12ms (Views: 11.1ms | ActiveRecord: 0.3ms | Allocations: 3670)


Started GET "/artikelkategories/5" for 127.0.0.1 at 2023-09-08 09:52:13 +0200
Processing by ArtikelkategoriesController#show as HTML
  Parameters: {"id"=>"5"}
  [1m[36mArtikelkategorie Load (0.2ms)[0m  [1m[34mSELECT "artikelkategories".* FROM "artikelkategories" WHERE "artikelkategories"."id" = $1 LIMIT $2[0m  [["id", 5], ["LIMIT", 1]]
  ↳ app/controllers/artikelkategories_controller.rb:47:in `set_artikelkategory'
  Rendering layout layouts/application.html.erb
  Rendering artikelkategories/show.html.erb within layouts/application
  Rendered artikelkategories/_artikelkategorie.html.erb (Duration: 0.1ms | Allocations: 17)
  Rendered artikelkategories/show.html.erb within layouts/application (Duration: 1.2ms | Allocations: 587)
  Rendered layout layouts/application.html.erb (Duration: 5.2ms | Allocations: 2795)
Completed 200 OK in 9ms (Views: 5.7ms | ActiveRecord: 0.2ms | Allocations: 3592)


Started GET "/artikelkategories/5/artikels" for 127.0.0.1 at 2023-09-08 09:52:20 +0200
Processing by ArtikelsController#index as HTML
  Parameters: {"artikelkategory_id"=>"5"}
  [1m[36mArtikelkategorie Load (0.2ms)[0m  [1m[34mSELECT "artikelkategories".* FROM "artikelkategories" WHERE "artikelkategories"."id" = $1 LIMIT $2[0m  [["id", 5], ["LIMIT", 1]]
  ↳ app/controllers/artikels_controller.rb:56:in `set_artikelkategorie'
  Rendering layout layouts/application.html.erb
  Rendering artikels/index.html.erb within layouts/application
  Rendered artikels/_artikelkat.html.erb (Duration: 0.1ms | Allocations: 17)
  [1m[36mArtikel Load (0.3ms)[0m  [1m[34mSELECT "artikels".* FROM "artikels" WHERE "artikels"."artikelkategorie_id" = $1[0m  [["artikelkategorie_id", 5]]
  ↳ app/views/artikels/index.html.erb:8
  Rendered artikels/index.html.erb within layouts/application (Duration: 2.6ms | Allocations: 945)
  Rendered layout layouts/application.html.erb (Duration: 6.2ms | Allocations: 3165)
Completed 200 OK in 10ms (Views: 6.6ms | ActiveRecord: 0.4ms | Allocations: 3975)


Started GET "/artikelkategories/5" for 127.0.0.1 at 2023-09-08 09:52:22 +0200
Processing by ArtikelkategoriesController#show as HTML
  Parameters: {"id"=>"5"}
  [1m[36mArtikelkategorie Load (0.2ms)[0m  [1m[34mSELECT "artikelkategories".* FROM "artikelkategories" WHERE "artikelkategories"."id" = $1 LIMIT $2[0m  [["id", 5], ["LIMIT", 1]]
  ↳ app/controllers/artikelkategories_controller.rb:47:in `set_artikelkategory'
  Rendering layout layouts/application.html.erb
  Rendering artikelkategories/show.html.erb within layouts/application
  Rendered artikelkategories/_artikelkategorie.html.erb (Duration: 0.1ms | Allocations: 17)
  Rendered artikelkategories/show.html.erb within layouts/application (Duration: 1.1ms | Allocations: 605)
  Rendered layout layouts/application.html.erb (Duration: 4.7ms | Allocations: 2812)
Completed 200 OK in 8ms (Views: 5.4ms | ActiveRecord: 0.2ms | Allocations: 3593)


Started GET "/artikelkategories" for 127.0.0.1 at 2023-09-08 09:52:23 +0200
Processing by ArtikelkategoriesController#index as HTML
  Rendering layout layouts/application.html.erb
  Rendering artikelkategories/index.html.erb within layouts/application
  [1m[36mArtikelkategorie Load (0.3ms)[0m  [1m[34mSELECT "artikelkategories".* FROM "artikelkategories"[0m
  ↳ app/views/artikelkategories/index.html.erb:6
  Rendered artikelkategories/_artikelkategorie.html.erb (Duration: 0.1ms | Allocations: 17)
  Rendered artikelkategories/_artikelkategorie.html.erb (Duration: 0.0ms | Allocations: 16)
  Rendered artikelkategories/_artikelkategorie.html.erb (Duration: 0.0ms | Allocations: 16)
  Rendered artikelkategories/index.html.erb within layouts/application (Duration: 2.9ms | Allocations: 1133)
  Rendered layout layouts/application.html.erb (Duration: 6.2ms | Allocations: 3361)
Completed 200 OK in 8ms (Views: 6.6ms | ActiveRecord: 0.3ms | Allocations: 3688)


Started GET "/artikelkategories/4" for 127.0.0.1 at 2023-09-08 09:52:27 +0200
Processing by ArtikelkategoriesController#show as HTML
  Parameters: {"id"=>"4"}
  [1m[36mArtikelkategorie Load (0.2ms)[0m  [1m[34mSELECT "artikelkategories".* FROM "artikelkategories" WHERE "artikelkategories"."id" = $1 LIMIT $2[0m  [["id", 4], ["LIMIT", 1]]
  ↳ app/controllers/artikelkategories_controller.rb:47:in `set_artikelkategory'
  Rendering layout layouts/application.html.erb
  Rendering artikelkategories/show.html.erb within layouts/application
  Rendered artikelkategories/_artikelkategorie.html.erb (Duration: 0.1ms | Allocations: 17)
  Rendered artikelkategories/show.html.erb within layouts/application (Duration: 1.7ms | Allocations: 593)
  Rendered layout layouts/application.html.erb (Duration: 5.8ms | Allocations: 2800)
Completed 200 OK in 9ms (Views: 6.4ms | ActiveRecord: 0.2ms | Allocations: 3581)


Started GET "/artikelkategories/4/artikels" for 127.0.0.1 at 2023-09-08 09:52:29 +0200
Processing by ArtikelsController#index as HTML
  Parameters: {"artikelkategory_id"=>"4"}
  [1m[36mArtikelkategorie Load (0.2ms)[0m  [1m[34mSELECT "artikelkategories".* FROM "artikelkategories" WHERE "artikelkategories"."id" = $1 LIMIT $2[0m  [["id", 4], ["LIMIT", 1]]
  ↳ app/controllers/artikels_controller.rb:56:in `set_artikelkategorie'
  Rendering layout layouts/application.html.erb
  Rendering artikels/index.html.erb within layouts/application
  Rendered artikels/_artikelkat.html.erb (Duration: 0.1ms | Allocations: 17)
  [1m[36mArtikel Load (0.3ms)[0m  [1m[34mSELECT "artikels".* FROM "artikels" WHERE "artikels"."artikelkategorie_id" = $1[0m  [["artikelkategorie_id", 4]]
  ↳ app/views/artikels/index.html.erb:8
  Rendered artikels/index.html.erb within layouts/application (Duration: 2.3ms | Allocations: 948)
  Rendered layout layouts/application.html.erb (Duration: 6.0ms | Allocations: 3168)
Completed 200 OK in 9ms (Views: 6.4ms | ActiveRecord: 0.5ms | Allocations: 3978)


  [1m[36mActiveRecord::SchemaMigration Pluck (0.6ms)[0m  [1m[34mSELECT "schema_migrations"."version" FROM "schema_migrations" ORDER BY "schema_migrations"."version" ASC[0m
  [1m[36mTRANSACTION (0.1ms)[0m  [1m[35mBEGIN[0m
  [1m[36mArtikelkategorie Load (0.4ms)[0m  [1m[34mSELECT "artikelkategories".* FROM "artikelkategories" WHERE "artikelkategories"."id" = $1 LIMIT $2[0m  [["id", 1], ["LIMIT", 1]]
  [1m[36mTRANSACTION (0.1ms)[0m  [1m[31mROLLBACK[0m
  [1m[36mTRANSACTION (0.1ms)[0m  [1m[35mBEGIN[0m
  [1m[36mArtikelkategorie Load (0.1ms)[0m  [1m[34mSELECT "artikelkategories".* FROM "artikelkategories" WHERE "artikelkategories"."id" = $1 LIMIT $2[0m  [["id", 2], ["LIMIT", 1]]
  [1m[36mTRANSACTION (0.1ms)[0m  [1m[31mROLLBACK[0m
Started GET "/artikelkategories/4/artikels" for 127.0.0.1 at 2023-09-08 09:53:19 +0200
Processing by ArtikelsController#index as HTML
  Parameters: {"artikelkategory_id"=>"4"}
  [1m[36mArtikelkategorie Load (0.3ms)[0m  [1m[34mSELECT "artikelkategories".* FROM "artikelkategories" WHERE "artikelkategories"."id" = $1 LIMIT $2[0m  [["id", 4], ["LIMIT", 1]]
  ↳ app/controllers/artikels_controller.rb:56:in `set_artikelkategorie'
  Rendering layout layouts/application.html.erb
  Rendering artikels/index.html.erb within layouts/application
  Rendered artikels/_artikelkat.html.erb (Duration: 0.1ms | Allocations: 17)
  [1m[36mArtikel Load (0.3ms)[0m  [1m[34mSELECT "artikels".* FROM "artikels" WHERE "artikels"."artikelkategorie_id" = $1[0m  [["artikelkategorie_id", 4]]
  ↳ app/views/artikels/index.html.erb:8
  Rendered artikels/index.html.erb within layouts/application (Duration: 2.5ms | Allocations: 951)
  Rendered layout layouts/application.html.erb (Duration: 6.5ms | Allocations: 3171)
Completed 200 OK in 11ms (Views: 7.0ms | ActiveRecord: 0.5ms | Allocations: 3980)


Started GET "/artikelkategories/4" for 127.0.0.1 at 2023-09-08 09:53:20 +0200
Processing by ArtikelkategoriesController#show as HTML
  Parameters: {"id"=>"4"}
  [1m[36mArtikelkategorie Load (0.2ms)[0m  [1m[34mSELECT "artikelkategories".* FROM "artikelkategories" WHERE "artikelkategories"."id" = $1 LIMIT $2[0m  [["id", 4], ["LIMIT", 1]]
  ↳ app/controllers/artikelkategories_controller.rb:47:in `set_artikelkategory'
  Rendering layout layouts/application.html.erb
  Rendering artikelkategories/show.html.erb within layouts/application
  Rendered artikelkategories/_artikelkategorie.html.erb (Duration: 0.1ms | Allocations: 17)
  Rendered artikelkategories/show.html.erb within layouts/application (Duration: 1.6ms | Allocations: 601)
  Rendered layout layouts/application.html.erb (Duration: 5.5ms | Allocations: 2808)
Completed 200 OK in 9ms (Views: 6.2ms | ActiveRecord: 0.2ms | Allocations: 3589)


Started GET "/artikelkategories/4/artikels" for 127.0.0.1 at 2023-09-08 09:53:22 +0200
Processing by ArtikelsController#index as HTML
  Parameters: {"artikelkategory_id"=>"4"}
  [1m[36mArtikelkategorie Load (0.2ms)[0m  [1m[34mSELECT "artikelkategories".* FROM "artikelkategories" WHERE "artikelkategories"."id" = $1 LIMIT $2[0m  [["id", 4], ["LIMIT", 1]]
  ↳ app/controllers/artikels_controller.rb:56:in `set_artikelkategorie'
  Rendering layout layouts/application.html.erb
  Rendering artikels/index.html.erb within layouts/application
  Rendered artikels/_artikelkat.html.erb (Duration: 0.1ms | Allocations: 17)
  [1m[36mArtikel Load (0.3ms)[0m  [1m[34mSELECT "artikels".* FROM "artikels" WHERE "artikels"."artikelkategorie_id" = $1[0m  [["artikelkategorie_id", 4]]
  ↳ app/views/artikels/index.html.erb:8
  Rendered artikels/index.html.erb within layouts/application (Duration: 2.8ms | Allocations: 936)
  Rendered layout layouts/application.html.erb (Duration: 6.4ms | Allocations: 3156)
Completed 200 OK in 9ms (Views: 6.6ms | ActiveRecord: 0.5ms | Allocations: 3966)


  [1m[36mActiveRecord::SchemaMigration Pluck (0.5ms)[0m  [1m[34mSELECT "schema_migrations"."version" FROM "schema_migrations" ORDER BY "schema_migrations"."version" ASC[0m
  [1m[36mActiveRecord::InternalMetadata Pluck (0.3ms)[0m  [1m[34mSELECT "ar_internal_metadata"."value" FROM "ar_internal_metadata" WHERE "ar_internal_metadata"."key" = $1 LIMIT $2[0m  [["key", "environment"], ["LIMIT", 1]]
  [1m[36mActiveRecord::SchemaMigration Pluck (0.1ms)[0m  [1m[34mSELECT "schema_migrations"."version" FROM "schema_migrations" ORDER BY "schema_migrations"."version" ASC[0m
  [1m[36mActiveRecord::InternalMetadata Pluck (0.1ms)[0m  [1m[34mSELECT "ar_internal_metadata"."value" FROM "ar_internal_metadata" WHERE "ar_internal_metadata"."key" = $1 LIMIT $2[0m  [["key", "environment"], ["LIMIT", 1]]
  [1m[36mActiveRecord::SchemaMigration Pluck (0.2ms)[0m  [1m[34mSELECT "schema_migrations"."version" FROM "schema_migrations" ORDER BY "schema_migrations"."version" ASC[0m
  [1m[36mActiveRecord::InternalMetadata Pluck (0.2ms)[0m  [1m[34mSELECT "ar_internal_metadata"."value" FROM "ar_internal_metadata" WHERE "ar_internal_metadata"."key" = $1 LIMIT $2[0m  [["key", "environment"], ["LIMIT", 1]]
  [1m[35m (5050.2ms)[0m  [1m[35mDROP DATABASE IF EXISTS "cafe_app_development"[0m
  [1m[36mActiveRecord::SchemaMigration Pluck (0.5ms)[0m  [1m[34mSELECT "schema_migrations"."version" FROM "schema_migrations" ORDER BY "schema_migrations"."version" ASC[0m
  [1m[36mActiveRecord::InternalMetadata Pluck (0.4ms)[0m  [1m[34mSELECT "ar_internal_metadata"."value" FROM "ar_internal_metadata" WHERE "ar_internal_metadata"."key" = $1 LIMIT $2[0m  [["key", "environment"], ["LIMIT", 1]]
  [1m[36mActiveRecord::SchemaMigration Pluck (0.1ms)[0m  [1m[34mSELECT "schema_migrations"."version" FROM "schema_migrations" ORDER BY "schema_migrations"."version" ASC[0m
  [1m[36mActiveRecord::InternalMetadata Pluck (0.1ms)[0m  [1m[34mSELECT "ar_internal_metadata"."value" FROM "ar_internal_metadata" WHERE "ar_internal_metadata"."key" = $1 LIMIT $2[0m  [["key", "environment"], ["LIMIT", 1]]
  [1m[36mActiveRecord::SchemaMigration Pluck (0.1ms)[0m  [1m[34mSELECT "schema_migrations"."version" FROM "schema_migrations" ORDER BY "schema_migrations"."version" ASC[0m
  [1m[36mActiveRecord::InternalMetadata Pluck (0.1ms)[0m  [1m[34mSELECT "ar_internal_metadata"."value" FROM "ar_internal_metadata" WHERE "ar_internal_metadata"."key" = $1 LIMIT $2[0m  [["key", "environment"], ["LIMIT", 1]]
  [1m[35m (73.2ms)[0m  [1m[35mDROP DATABASE IF EXISTS "cafe_app_development"[0m
  [1m[35m (16.7ms)[0m  [1m[35mDROP DATABASE IF EXISTS "cafe_app_test"[0m
  [1m[35m (72.0ms)[0m  [1m[35mCREATE DATABASE "cafe_app_development" ENCODING = 'unicode'[0m
  [1m[35m (41.4ms)[0m  [1m[35mCREATE DATABASE "cafe_app_test" ENCODING = 'unicode'[0m
  [1m[35m (4.1ms)[0m  [1m[35mCREATE TABLE "schema_migrations" ("version" character varying NOT NULL PRIMARY KEY)[0m
  [1m[35m (2.3ms)[0m  [1m[35mCREATE TABLE "ar_internal_metadata" ("key" character varying NOT NULL PRIMARY KEY, "value" character varying, "created_at" timestamp(6) NOT NULL, "updated_at" timestamp(6) NOT NULL)[0m
  [1m[35m (0.2ms)[0m  [1m[34mSELECT pg_try_advisory_lock(2953311040616065710)[0m
  [1m[36mActiveRecord::SchemaMigration Pluck (0.5ms)[0m  [1m[34mSELECT "schema_migrations"."version" FROM "schema_migrations" ORDER BY "schema_migrations"."version" ASC[0m
Migrating to CreateArtikels (20230904094621)
  [1m[36mTRANSACTION (0.1ms)[0m  [1m[35mBEGIN[0m
  [1m[35m (3.5ms)[0m  [1m[35mCREATE TABLE "artikels" ("id" bigserial primary key, "name" character varying, "artikelkategorie_id" integer, "preis" integer, "created_at" timestamp(6) NOT NULL, "updated_at" timestamp(6) NOT NULL)[0m
  [1m[36mActiveRecord::SchemaMigration Create (0.3ms)[0m  [1m[32mINSERT INTO "schema_migrations" ("version") VALUES ($1) RETURNING "version"[0m  [["version", "20230904094621"]]
  [1m[36mTRANSACTION (0.4ms)[0m  [1m[35mCOMMIT[0m
Migrating to CreateArtikelkategories (20230904122205)
  [1m[36mTRANSACTION (0.2ms)[0m  [1m[35mBEGIN[0m
  [1m[35m (3.4ms)[0m  [1m[35mCREATE TABLE "artikelkategories" ("id" bigserial primary key, "kategorie" character varying, "created_at" timestamp(6) NOT NULL, "updated_at" timestamp(6) NOT NULL)[0m
  [1m[36mActiveRecord::SchemaMigration Create (0.2ms)[0m  [1m[32mINSERT INTO "schema_migrations" ("version") VALUES ($1) RETURNING "version"[0m  [["version", "20230904122205"]]
  [1m[36mTRANSACTION (0.2ms)[0m  [1m[35mCOMMIT[0m
Migrating to CreateBestellungs (20230906090237)
  [1m[36mTRANSACTION (0.3ms)[0m  [1m[35mBEGIN[0m
  [1m[35m (2.5ms)[0m  [1m[35mCREATE TABLE "bestellungs" ("id" bigserial primary key, "tischnummer" integer, "created_at" timestamp(6) NOT NULL, "updated_at" timestamp(6) NOT NULL)[0m
  [1m[36mActiveRecord::SchemaMigration Create (0.2ms)[0m  [1m[32mINSERT INTO "schema_migrations" ("version") VALUES ($1) RETURNING "version"[0m  [["version", "20230906090237"]]
  [1m[36mTRANSACTION (0.2ms)[0m  [1m[35mCOMMIT[0m
Migrating to CreateBestellungArtikels (20230906095552)
  [1m[36mTRANSACTION (0.3ms)[0m  [1m[35mBEGIN[0m
  [1m[35m (2.5ms)[0m  [1m[35mCREATE TABLE "bestellung_artikels" ("id" bigserial primary key, "id_bestellung" integer, "id_artikel" integer, "anzahl" integer, "created_at" timestamp(6) NOT NULL, "updated_at" timestamp(6) NOT NULL)[0m
  [1m[36mActiveRecord::SchemaMigration Create (0.2ms)[0m  [1m[32mINSERT INTO "schema_migrations" ("version") VALUES ($1) RETURNING "version"[0m  [["version", "20230906095552"]]
  [1m[36mTRANSACTION (0.2ms)[0m  [1m[35mCOMMIT[0m
  [1m[36mActiveRecord::InternalMetadata Load (0.3ms)[0m  [1m[34mSELECT "ar_internal_metadata".* FROM "ar_internal_metadata" WHERE "ar_internal_metadata"."key" = $1 LIMIT $2[0m  [["key", "environment"], ["LIMIT", 1]]
  [1m[36mTRANSACTION (0.1ms)[0m  [1m[35mBEGIN[0m
  [1m[36mActiveRecord::InternalMetadata Create (0.6ms)[0m  [1m[32mINSERT INTO "ar_internal_metadata" ("key", "value", "created_at", "updated_at") VALUES ($1, $2, $3, $4) RETURNING "key"[0m  [["key", "environment"], ["value", "development"], ["created_at", "2023-09-08 07:54:47.048944"], ["updated_at", "2023-09-08 07:54:47.048944"]]
  [1m[36mTRANSACTION (0.2ms)[0m  [1m[35mCOMMIT[0m
  [1m[35m (0.2ms)[0m  [1m[34mSELECT pg_advisory_unlock(2953311040616065710)[0m
  [1m[36mActiveRecord::SchemaMigration Pluck (0.6ms)[0m  [1m[34mSELECT "schema_migrations"."version" FROM "schema_migrations" ORDER BY "schema_migrations"."version" ASC[0m
  [1m[36mActiveRecord::SchemaMigration Pluck (0.5ms)[0m  [1m[34mSELECT "schema_migrations"."version" FROM "schema_migrations" ORDER BY "schema_migrations"."version" ASC[0m
  [1m[36mTRANSACTION (0.1ms)[0m  [1m[35mBEGIN[0m
  [1m[36mArtikelkategorie Create (0.9ms)[0m  [1m[32mINSERT INTO "artikelkategories" ("kategorie", "created_at", "updated_at") VALUES ($1, $2, $3) RETURNING "id"[0m  [["kategorie", "Snacks"], ["created_at", "2023-09-08 07:54:47.763307"], ["updated_at", "2023-09-08 07:54:47.763307"]]
  [1m[36mTRANSACTION (0.3ms)[0m  [1m[35mCOMMIT[0m
  [1m[36mTRANSACTION (0.1ms)[0m  [1m[35mBEGIN[0m
  [1m[36mArtikelkategorie Create (0.2ms)[0m  [1m[32mINSERT INTO "artikelkategories" ("kategorie", "created_at", "updated_at") VALUES ($1, $2, $3) RETURNING "id"[0m  [["kategorie", "Kaltgetränke"], ["created_at", "2023-09-08 07:54:47.766212"], ["updated_at", "2023-09-08 07:54:47.766212"]]
  [1m[36mTRANSACTION (0.2ms)[0m  [1m[35mCOMMIT[0m
  [1m[36mTRANSACTION (0.0ms)[0m  [1m[35mBEGIN[0m
  [1m[36mArtikelkategorie Create (0.2ms)[0m  [1m[32mINSERT INTO "artikelkategories" ("kategorie", "created_at", "updated_at") VALUES ($1, $2, $3) RETURNING "id"[0m  [["kategorie", "Heißgetränke"], ["created_at", "2023-09-08 07:54:47.767801"], ["updated_at", "2023-09-08 07:54:47.767801"]]
  [1m[36mTRANSACTION (0.3ms)[0m  [1m[35mCOMMIT[0m
  [1m[36mTRANSACTION (0.1ms)[0m  [1m[35mBEGIN[0m
  [1m[36mArtikelkategorie Load (0.2ms)[0m  [1m[34mSELECT "artikelkategories".* FROM "artikelkategories" WHERE "artikelkategories"."id" = $1 LIMIT $2[0m  [["id", 1], ["LIMIT", 1]]
  [1m[36mArtikel Create (0.7ms)[0m  [1m[32mINSERT INTO "artikels" ("name", "artikelkategorie_id", "preis", "created_at", "updated_at") VALUES ($1, $2, $3, $4, $5) RETURNING "id"[0m  [["name", "Brezel"], ["artikelkategorie_id", 1], ["preis", 100], ["created_at", "2023-09-08 07:54:47.784962"], ["updated_at", "2023-09-08 07:54:47.784962"]]
  [1m[36mTRANSACTION (0.3ms)[0m  [1m[35mCOMMIT[0m
  [1m[36mTRANSACTION (0.0ms)[0m  [1m[35mBEGIN[0m
  [1m[36mArtikelkategorie Load (0.1ms)[0m  [1m[34mSELECT "artikelkategories".* FROM "artikelkategories" WHERE "artikelkategories"."id" = $1 LIMIT $2[0m  [["id", 2], ["LIMIT", 1]]
  [1m[36mArtikel Create (0.2ms)[0m  [1m[32mINSERT INTO "artikels" ("name", "artikelkategorie_id", "preis", "created_at", "updated_at") VALUES ($1, $2, $3, $4, $5) RETURNING "id"[0m  [["name", "Fanta"], ["artikelkategorie_id", 2], ["preis", 150], ["created_at", "2023-09-08 07:54:47.787887"], ["updated_at", "2023-09-08 07:54:47.787887"]]
  [1m[36mTRANSACTION (0.2ms)[0m  [1m[35mCOMMIT[0m
  [1m[36mTRANSACTION (0.1ms)[0m  [1m[35mBEGIN[0m
  [1m[36mBestellung Create (0.5ms)[0m  [1m[32mINSERT INTO "bestellungs" ("tischnummer", "created_at", "updated_at") VALUES ($1, $2, $3) RETURNING "id"[0m  [["tischnummer", 1], ["created_at", "2023-09-08 07:54:47.796371"], ["updated_at", "2023-09-08 07:54:47.796371"]]
  [1m[36mTRANSACTION (0.1ms)[0m  [1m[35mCOMMIT[0m
  [1m[36mTRANSACTION (0.1ms)[0m  [1m[35mBEGIN[0m
  [1m[36mBestellung Create (0.2ms)[0m  [1m[32mINSERT INTO "bestellungs" ("tischnummer", "created_at", "updated_at") VALUES ($1, $2, $3) RETURNING "id"[0m  [["tischnummer", 2], ["created_at", "2023-09-08 07:54:47.798079"], ["updated_at", "2023-09-08 07:54:47.798079"]]
  [1m[36mTRANSACTION (0.2ms)[0m  [1m[35mCOMMIT[0m
  [1m[36mTRANSACTION (0.1ms)[0m  [1m[35mBEGIN[0m
  [1m[36mBestellung Create (0.3ms)[0m  [1m[32mINSERT INTO "bestellungs" ("tischnummer", "created_at", "updated_at") VALUES ($1, $2, $3) RETURNING "id"[0m  [["tischnummer", 2], ["created_at", "2023-09-08 07:54:47.799569"], ["updated_at", "2023-09-08 07:54:47.799569"]]
  [1m[36mTRANSACTION (0.2ms)[0m  [1m[35mCOMMIT[0m
  [1m[36mTRANSACTION (0.1ms)[0m  [1m[35mBEGIN[0m
  [1m[36mBestellungArtikel Create (0.7ms)[0m  [1m[32mINSERT INTO "bestellung_artikels" ("id_bestellung", "id_artikel", "anzahl", "created_at", "updated_at") VALUES ($1, $2, $3, $4, $5) RETURNING "id"[0m  [["id_bestellung", 28], ["id_artikel", 2], ["anzahl", 4], ["created_at", "2023-09-08 07:54:47.814393"], ["updated_at", "2023-09-08 07:54:47.814393"]]
  [1m[36mTRANSACTION (0.2ms)[0m  [1m[35mCOMMIT[0m
  [1m[36mTRANSACTION (0.1ms)[0m  [1m[35mBEGIN[0m
  [1m[36mBestellungArtikel Create (0.2ms)[0m  [1m[32mINSERT INTO "bestellung_artikels" ("id_bestellung", "id_artikel", "anzahl", "created_at", "updated_at") VALUES ($1, $2, $3, $4, $5) RETURNING "id"[0m  [["id_bestellung", 29], ["id_artikel", 3], ["anzahl", 2], ["created_at", "2023-09-08 07:54:47.816620"], ["updated_at", "2023-09-08 07:54:47.816620"]]
  [1m[36mTRANSACTION (0.3ms)[0m  [1m[35mCOMMIT[0m
  [1m[36mTRANSACTION (0.1ms)[0m  [1m[35mBEGIN[0m
  [1m[36mBestellungArtikel Create (0.2ms)[0m  [1m[32mINSERT INTO "bestellung_artikels" ("id_bestellung", "id_artikel", "anzahl", "created_at", "updated_at") VALUES ($1, $2, $3, $4, $5) RETURNING "id"[0m  [["id_bestellung", 30], ["id_artikel", 1], ["anzahl", 1], ["created_at", "2023-09-08 07:54:47.818086"], ["updated_at", "2023-09-08 07:54:47.818086"]]
  [1m[36mTRANSACTION (0.2ms)[0m  [1m[35mCOMMIT[0m
Started GET "/artikelkategories" for 127.0.0.1 at 2023-09-08 09:54:59 +0200
  [1m[36mActiveRecord::SchemaMigration Pluck (0.9ms)[0m  [1m[34mSELECT "schema_migrations"."version" FROM "schema_migrations" ORDER BY "schema_migrations"."version" ASC[0m
Processing by ArtikelkategoriesController#index as HTML
  Rendering layout layouts/application.html.erb
  Rendering artikelkategories/index.html.erb within layouts/application
  [1m[36mArtikelkategorie Load (0.5ms)[0m  [1m[34mSELECT "artikelkategories".* FROM "artikelkategories"[0m
  ↳ app/views/artikelkategories/index.html.erb:6
  Rendered artikelkategories/_artikelkategorie.html.erb (Duration: 0.4ms | Allocations: 210)
  Rendered artikelkategories/_artikelkategorie.html.erb (Duration: 0.0ms | Allocations: 16)
  Rendered artikelkategories/_artikelkategorie.html.erb (Duration: 0.0ms | Allocations: 16)
  Rendered artikelkategories/index.html.erb within layouts/application (Duration: 12.4ms | Allocations: 16981)
  Rendered layout layouts/application.html.erb (Duration: 31.1ms | Allocations: 52078)
Completed 200 OK in 46ms (Views: 27.4ms | ActiveRecord: 6.1ms | Allocations: 60956)


Started GET "/" for 127.0.0.1 at 2023-09-08 09:55:00 +0200
Processing by ArtikelkategoriesController#index as HTML
  Rendering layout layouts/application.html.erb
  Rendering artikelkategories/index.html.erb within layouts/application
  [1m[36mArtikelkategorie Load (0.3ms)[0m  [1m[34mSELECT "artikelkategories".* FROM "artikelkategories"[0m
  ↳ app/views/artikelkategories/index.html.erb:6
  Rendered artikelkategories/_artikelkategorie.html.erb (Duration: 0.1ms | Allocations: 17)
  Rendered artikelkategories/_artikelkategorie.html.erb (Duration: 0.0ms | Allocations: 16)
  Rendered artikelkategories/_artikelkategorie.html.erb (Duration: 0.0ms | Allocations: 16)
  Rendered artikelkategories/index.html.erb within layouts/application (Duration: 3.9ms | Allocations: 1143)
  Rendered layout layouts/application.html.erb (Duration: 7.3ms | Allocations: 3372)
Completed 200 OK in 9ms (Views: 7.7ms | ActiveRecord: 0.3ms | Allocations: 3705)


Started GET "/artikelkategories/1" for 127.0.0.1 at 2023-09-08 09:55:02 +0200
Processing by ArtikelkategoriesController#show as HTML
  Parameters: {"id"=>"1"}
  [1m[36mArtikelkategorie Load (0.2ms)[0m  [1m[34mSELECT "artikelkategories".* FROM "artikelkategories" WHERE "artikelkategories"."id" = $1 LIMIT $2[0m  [["id", 1], ["LIMIT", 1]]
  ↳ app/controllers/artikelkategories_controller.rb:47:in `set_artikelkategory'
  Rendering layout layouts/application.html.erb
  Rendering artikelkategories/show.html.erb within layouts/application
  Rendered artikelkategories/_artikelkategorie.html.erb (Duration: 0.1ms | Allocations: 17)
  Rendered artikelkategories/show.html.erb within layouts/application (Duration: 3.4ms | Allocations: 865)
  Rendered layout layouts/application.html.erb (Duration: 7.8ms | Allocations: 3073)
Completed 200 OK in 14ms (Views: 8.6ms | ActiveRecord: 0.4ms | Allocations: 5887)


Started GET "/artikelkategories/1/artikels" for 127.0.0.1 at 2023-09-08 09:55:03 +0200
Processing by ArtikelsController#index as HTML
  Parameters: {"artikelkategory_id"=>"1"}
  [1m[36mArtikelkategorie Load (0.5ms)[0m  [1m[34mSELECT "artikelkategories".* FROM "artikelkategories" WHERE "artikelkategories"."id" = $1 LIMIT $2[0m  [["id", 1], ["LIMIT", 1]]
  ↳ app/controllers/artikels_controller.rb:56:in `set_artikelkategorie'
  Rendering layout layouts/application.html.erb
  Rendering artikels/index.html.erb within layouts/application
  Rendered artikels/_artikelkat.html.erb (Duration: 0.5ms | Allocations: 171)
  [1m[36mArtikel Load (0.8ms)[0m  [1m[34mSELECT "artikels".* FROM "artikels" WHERE "artikels"."artikelkategorie_id" = $1[0m  [["artikelkategorie_id", 1]]
  ↳ app/views/artikels/index.html.erb:8
  Rendered artikels/_artikel.html.erb (Duration: 0.5ms | Allocations: 216)
  Rendered artikels/index.html.erb within layouts/application (Duration: 19.8ms | Allocations: 18967)
  Rendered layout layouts/application.html.erb (Duration: 22.0ms | Allocations: 21263)
Completed 200 OK in 38ms (Views: 17.9ms | ActiveRecord: 6.6ms | Allocations: 30003)


Started GET "/add/1" for 127.0.0.1 at 2023-09-08 09:56:26 +0200
Processing by ArtikelsController#add as HTML
  Parameters: {"id"=>"1"}
Completed 500 Internal Server Error in 2ms (ActiveRecord: 0.0ms | Allocations: 979)


  
NoMethodError (undefined method `artikel' for nil:NilClass):
  
app/controllers/artikels_controller.rb:65:in `set_artikel'
Started GET "/artikelkategories/1/artikels" for 127.0.0.1 at 2023-09-08 09:56:42 +0200
Processing by ArtikelsController#index as HTML
  Parameters: {"artikelkategory_id"=>"1"}
  [1m[36mArtikelkategorie Load (0.3ms)[0m  [1m[34mSELECT "artikelkategories".* FROM "artikelkategories" WHERE "artikelkategories"."id" = $1 LIMIT $2[0m  [["id", 1], ["LIMIT", 1]]
  ↳ app/controllers/artikels_controller.rb:56:in `set_artikelkategorie'
  Rendering layout layouts/application.html.erb
  Rendering artikels/index.html.erb within layouts/application
  Rendered artikels/_artikelkat.html.erb (Duration: 0.1ms | Allocations: 17)
  [1m[36mArtikel Load (0.2ms)[0m  [1m[34mSELECT "artikels".* FROM "artikels" WHERE "artikels"."artikelkategorie_id" = $1[0m  [["artikelkategorie_id", 1]]
  ↳ app/views/artikels/index.html.erb:8
  Rendered artikels/_artikel.html.erb (Duration: 0.1ms | Allocations: 18)
  Rendered artikels/index.html.erb within layouts/application (Duration: 3.3ms | Allocations: 1097)
  Rendered layout layouts/application.html.erb (Duration: 7.3ms | Allocations: 3333)
Completed 200 OK in 10ms (Views: 7.8ms | ActiveRecord: 0.5ms | Allocations: 4159)


Started GET "/artikelkategories/1/artikels" for 127.0.0.1 at 2023-09-08 09:58:03 +0200
Processing by ArtikelsController#index as HTML
  Parameters: {"artikelkategory_id"=>"1"}
  [1m[36mArtikelkategorie Load (0.3ms)[0m  [1m[34mSELECT "artikelkategories".* FROM "artikelkategories" WHERE "artikelkategories"."id" = $1 LIMIT $2[0m  [["id", 1], ["LIMIT", 1]]
  ↳ app/controllers/artikels_controller.rb:56:in `set_artikelkategorie'
  Rendering layout layouts/application.html.erb
  Rendering artikels/index.html.erb within layouts/application
  Rendered artikels/_artikelkat.html.erb (Duration: 0.0ms | Allocations: 35)
  [1m[36mArtikel Load (0.2ms)[0m  [1m[34mSELECT "artikels".* FROM "artikels" WHERE "artikels"."artikelkategorie_id" = $1[0m  [["artikelkategorie_id", 1]]
  ↳ app/views/artikels/index.html.erb:8
  Rendered artikels/_artikel.html.erb (Duration: 0.0ms | Allocations: 32)
  Rendered artikels/index.html.erb within layouts/application (Duration: 17.8ms | Allocations: 8082)
  Rendered layout layouts/application.html.erb (Duration: 17.9ms | Allocations: 8154)
Completed 500 Internal Server Error in 29ms (ActiveRecord: 9.0ms | Allocations: 17064)


  
ActionView::Template::Error (undefined method `artikels_add_path' for #<ActionView::Base:0x00000000014550>
Did you mean?  artikels_path):
    10:     <p>
    11:       <%= link_to "Anzeigen", artikelkategory_artikel_path(@artikelkategorie, artikel) %>
    12:     </p>
    13:     <%= link_to "Add", artikels_add_path(artikel)%>
    14:   <% end %>
    15: </div>
    16: 
  
app/views/artikels/index.html.erb:13
app/views/artikels/index.html.erb:8
Started GET "/artikelkategories/1/artikels" for 127.0.0.1 at 2023-09-08 09:59:29 +0200
Processing by ArtikelsController#index as HTML
  Parameters: {"artikelkategory_id"=>"1"}
  [1m[36mArtikelkategorie Load (0.3ms)[0m  [1m[34mSELECT "artikelkategories".* FROM "artikelkategories" WHERE "artikelkategories"."id" = $1 LIMIT $2[0m  [["id", 1], ["LIMIT", 1]]
  ↳ app/controllers/artikels_controller.rb:56:in `set_artikelkategorie'
  Rendering layout layouts/application.html.erb
  Rendering artikels/index.html.erb within layouts/application
  Rendered artikels/_artikelkat.html.erb (Duration: 1.1ms | Allocations: 169)
  [1m[36mArtikel Load (0.5ms)[0m  [1m[34mSELECT "artikels".* FROM "artikels" WHERE "artikels"."artikelkategorie_id" = $1[0m  [["artikelkategorie_id", 1]]
  ↳ app/views/artikels/index.html.erb:8
  Rendered artikels/_artikel.html.erb (Duration: 1.1ms | Allocations: 200)
  Rendered artikels/index.html.erb within layouts/application (Duration: 11.9ms | Allocations: 3194)
  Rendered layout layouts/application.html.erb (Duration: 12.2ms | Allocations: 3266)
Completed 500 Internal Server Error in 18ms (ActiveRecord: 0.8ms | Allocations: 4820)


  
ActionView::Template::Error (No route matches {:action=>"add", :artikelkategory_id=>#<Artikel id: 1, name: "Brezel", artikelkategorie_id: 1, preis: 100, created_at: "2023-09-08 07:54:47.784962000 +0000", updated_at: "2023-09-08 07:54:47.784962000 +0000">, :controller=>"artikels"}, missing required keys: [:id]
Did you mean?  artikelkategory_artikels_add_url):
    10:     <p>
    11:       <%= link_to "Anzeigen", artikelkategory_artikel_path(@artikelkategorie, artikel) %>
    12:     </p>
    13:     <%= link_to "Add", artikelkategory_artikels_add_path(artikel)%>
    14:   <% end %>
    15: </div>
    16: 
  
app/views/artikels/index.html.erb:13
app/views/artikels/index.html.erb:8
Started GET "/artikelkategories/1/artikels" for 127.0.0.1 at 2023-09-08 10:01:55 +0200
Processing by ArtikelsController#index as HTML
  Parameters: {"artikelkategory_id"=>"1"}
  [1m[36mArtikelkategorie Load (0.1ms)[0m  [1m[34mSELECT "artikelkategories".* FROM "artikelkategories" WHERE "artikelkategories"."id" = $1 LIMIT $2[0m  [["id", 1], ["LIMIT", 1]]
  ↳ app/controllers/artikels_controller.rb:56:in `set_artikelkategorie'
  Rendering layout layouts/application.html.erb
  Rendering artikels/index.html.erb within layouts/application
  Rendered artikels/_artikelkat.html.erb (Duration: 0.1ms | Allocations: 35)
  [1m[36mArtikel Load (0.1ms)[0m  [1m[34mSELECT "artikels".* FROM "artikels" WHERE "artikels"."artikelkategorie_id" = $1[0m  [["artikelkategorie_id", 1]]
  ↳ app/views/artikels/index.html.erb:8
  Rendered artikels/_artikel.html.erb (Duration: 0.0ms | Allocations: 32)
  Rendered artikels/index.html.erb within layouts/application (Duration: 25.5ms | Allocations: 8136)
  Rendered layout layouts/application.html.erb (Duration: 25.6ms | Allocations: 8208)
Completed 500 Internal Server Error in 35ms (ActiveRecord: 6.7ms | Allocations: 17115)


  
ActionView::Template::Error (undefined method `artikelkategory_artikels_add_path' for #<ActionView::Base:0x0000000001af68>
Did you mean?  artikelkategory_artikel_add_path
               artikelkategory_artikels_path
               artikelkategory_artikel_path
               artikelkategory_artikel_add_url
               artikelkategory_artikels_url
               artikelkategory_artikel_url):
    10:     <p>
    11:       <%= link_to "Anzeigen", artikelkategory_artikel_path(@artikelkategorie, artikel) %>
    12:     </p>
    13:     <%= link_to "Add", artikelkategory_artikels_add_path(artikel)%>
    14:   <% end %>
    15: </div>
    16: 
  
app/views/artikels/index.html.erb:13
app/views/artikels/index.html.erb:8
Started GET "/artikelkategories/1/artikels" for 127.0.0.1 at 2023-09-08 10:02:17 +0200
Processing by ArtikelsController#index as HTML
  Parameters: {"artikelkategory_id"=>"1"}
  [1m[36mArtikelkategorie Load (0.2ms)[0m  [1m[34mSELECT "artikelkategories".* FROM "artikelkategories" WHERE "artikelkategories"."id" = $1 LIMIT $2[0m  [["id", 1], ["LIMIT", 1]]
  ↳ app/controllers/artikels_controller.rb:56:in `set_artikelkategorie'
  Rendering layout layouts/application.html.erb
  Rendering artikels/index.html.erb within layouts/application
  Rendered artikels/_artikelkat.html.erb (Duration: 0.9ms | Allocations: 169)
  [1m[36mArtikel Load (0.4ms)[0m  [1m[34mSELECT "artikels".* FROM "artikels" WHERE "artikels"."artikelkategorie_id" = $1[0m  [["artikelkategorie_id", 1]]
  ↳ app/views/artikels/index.html.erb:8
  Rendered artikels/_artikel.html.erb (Duration: 0.8ms | Allocations: 200)
  Rendered artikels/index.html.erb within layouts/application (Duration: 7.6ms | Allocations: 3063)
  Rendered layout layouts/application.html.erb (Duration: 7.7ms | Allocations: 3135)
Completed 500 Internal Server Error in 13ms (ActiveRecord: 0.6ms | Allocations: 4689)


  
ActionView::Template::Error (No route matches {:action=>"add", :artikelkategory_id=>#<Artikel id: 1, name: "Brezel", artikelkategorie_id: 1, preis: 100, created_at: "2023-09-08 07:54:47.784962000 +0000", updated_at: "2023-09-08 07:54:47.784962000 +0000">, :controller=>"artikel"}, missing required keys: [:id]
Did you mean?  artikelkategory_artikel_add_url):
    10:     <p>
    11:       <%= link_to "Anzeigen", artikelkategory_artikel_path(@artikelkategorie, artikel) %>
    12:     </p>
    13:     <%= link_to "Add", artikelkategory_artikel_add_path(artikel)%>
    14:   <% end %>
    15: </div>
    16: 
  
app/views/artikels/index.html.erb:13
app/views/artikels/index.html.erb:8
Started GET "/artikelkategories/1/artikels" for 127.0.0.1 at 2023-09-08 10:02:34 +0200
Processing by ArtikelsController#index as HTML
  Parameters: {"artikelkategory_id"=>"1"}
  [1m[36mArtikelkategorie Load (0.1ms)[0m  [1m[34mSELECT "artikelkategories".* FROM "artikelkategories" WHERE "artikelkategories"."id" = $1 LIMIT $2[0m  [["id", 1], ["LIMIT", 1]]
  ↳ app/controllers/artikels_controller.rb:56:in `set_artikelkategorie'
  Rendering layout layouts/application.html.erb
  Rendering artikels/index.html.erb within layouts/application
  Rendered artikels/_artikelkat.html.erb (Duration: 0.2ms | Allocations: 181)
  [1m[36mArtikel Load (0.1ms)[0m  [1m[34mSELECT "artikels".* FROM "artikels" WHERE "artikels"."artikelkategorie_id" = $1[0m  [["artikelkategorie_id", 1]]
  ↳ app/views/artikels/index.html.erb:8
  Rendered artikels/_artikel.html.erb (Duration: 0.2ms | Allocations: 214)
  Rendered artikels/index.html.erb within layouts/application (Duration: 7.0ms | Allocations: 6006)
  Rendered layout layouts/application.html.erb (Duration: 7.0ms | Allocations: 6078)
Completed 500 Internal Server Error in 15ms (ActiveRecord: 6.0ms | Allocations: 15365)


  
ActionView::Template::Error (No route matches {:action=>"add", :artikelkategory_id=>#<Artikel id: 1, name: "Brezel", artikelkategorie_id: 1, preis: 100, created_at: "2023-09-08 07:54:47.784962000 +0000", updated_at: "2023-09-08 07:54:47.784962000 +0000">, :controller=>"artikels"}, missing required keys: [:id]
Did you mean?  artikelkategory_artikels_add_url):
    10:     <p>
    11:       <%= link_to "Anzeigen", artikelkategory_artikel_path(@artikelkategorie, artikel) %>
    12:     </p>
    13:     <%= link_to "Add", artikelkategory_artikels_add_path(artikel)%>
    14:   <% end %>
    15: </div>
    16: 
  
app/views/artikels/index.html.erb:13
app/views/artikels/index.html.erb:8
Started GET "/artikelkategories/1" for 127.0.0.1 at 2023-09-08 10:02:38 +0200
Processing by ArtikelkategoriesController#show as HTML
  Parameters: {"id"=>"1"}
  [1m[36mArtikelkategorie Load (0.2ms)[0m  [1m[34mSELECT "artikelkategories".* FROM "artikelkategories" WHERE "artikelkategories"."id" = $1 LIMIT $2[0m  [["id", 1], ["LIMIT", 1]]
  ↳ app/controllers/artikelkategories_controller.rb:47:in `set_artikelkategory'
  Rendering layout layouts/application.html.erb
  Rendering artikelkategories/show.html.erb within layouts/application
  Rendered artikelkategories/_artikelkategorie.html.erb (Duration: 0.8ms | Allocations: 175)
  Rendered artikelkategories/show.html.erb within layouts/application (Duration: 3.5ms | Allocations: 1150)
  Rendered layout layouts/application.html.erb (Duration: 13.9ms | Allocations: 15090)
Completed 200 OK in 19ms (Views: 15.9ms | ActiveRecord: 0.2ms | Allocations: 16475)


Started GET "/artikelkategories/1/artikels" for 127.0.0.1 at 2023-09-08 10:02:40 +0200
Processing by ArtikelsController#index as HTML
  Parameters: {"artikelkategory_id"=>"1"}
  [1m[36mArtikelkategorie Load (0.3ms)[0m  [1m[34mSELECT "artikelkategories".* FROM "artikelkategories" WHERE "artikelkategories"."id" = $1 LIMIT $2[0m  [["id", 1], ["LIMIT", 1]]
  ↳ app/controllers/artikels_controller.rb:56:in `set_artikelkategorie'
  Rendering layout layouts/application.html.erb
  Rendering artikels/index.html.erb within layouts/application
  Rendered artikels/_artikelkat.html.erb (Duration: 0.2ms | Allocations: 17)
  [1m[36mArtikel Load (0.2ms)[0m  [1m[34mSELECT "artikels".* FROM "artikels" WHERE "artikels"."artikelkategorie_id" = $1[0m  [["artikelkategorie_id", 1]]
  ↳ app/views/artikels/index.html.erb:8
  Rendered artikels/_artikel.html.erb (Duration: 0.4ms | Allocations: 18)
  Rendered artikels/index.html.erb within layouts/application (Duration: 5.7ms | Allocations: 2209)
  Rendered layout layouts/application.html.erb (Duration: 6.0ms | Allocations: 2280)
Completed 500 Internal Server Error in 9ms (ActiveRecord: 0.5ms | Allocations: 3057)


  
ActionView::Template::Error (No route matches {:action=>"add", :artikelkategory_id=>#<Artikel id: 1, name: "Brezel", artikelkategorie_id: 1, preis: 100, created_at: "2023-09-08 07:54:47.784962000 +0000", updated_at: "2023-09-08 07:54:47.784962000 +0000">, :controller=>"artikels"}, missing required keys: [:id]
Did you mean?  artikelkategory_artikels_add_url):
    10:     <p>
    11:       <%= link_to "Anzeigen", artikelkategory_artikel_path(@artikelkategorie, artikel) %>
    12:     </p>
    13:     <%= link_to "Add", artikelkategory_artikels_add_path(artikel)%>
    14:   <% end %>
    15: </div>
    16: 
  
app/views/artikels/index.html.erb:13
app/views/artikels/index.html.erb:8
Started GET "/artikelkategories/1/artikels" for 127.0.0.1 at 2023-09-08 10:03:03 +0200
Processing by ArtikelsController#index as HTML
  Parameters: {"artikelkategory_id"=>"1"}
  [1m[36mArtikelkategorie Load (0.3ms)[0m  [1m[34mSELECT "artikelkategories".* FROM "artikelkategories" WHERE "artikelkategories"."id" = $1 LIMIT $2[0m  [["id", 1], ["LIMIT", 1]]
  ↳ app/controllers/artikels_controller.rb:56:in `set_artikelkategorie'
  Rendering layout layouts/application.html.erb
  Rendering artikels/index.html.erb within layouts/application
  Rendered artikels/index.html.erb within layouts/application (Duration: 1.1ms | Allocations: 1211)
  Rendered layout layouts/application.html.erb (Duration: 1.4ms | Allocations: 1284)
Completed 500 Internal Server Error in 8ms (ActiveRecord: 0.3ms | Allocations: 2839)


  
ActionView::SyntaxErrorInTemplate (Encountered a syntax error while rendering template: check <p style="color: green"><%= notice %></p>

<h1>Artikels</h1>

<div id="artikels">
  <%= render "artikelkat", artikelkategorie: @artikelkategorie%>
  <hr>
  <% @artikels.each do |artikel| %>
    <%= render "artikel", artikel: artikel %>
    <p>
      <%= link_to "Anzeigen", artikelkategory_artikel_path(@artikelkategorie, artikel) %>
    </p>
    <%= #link_to "Add", artikelkategory_artikels_add_path(artikel)%>
  <% end %>
</div>

<%= link_to "Neuer Artikel", new_artikelkategory_artikel_path(@artikelkategorie) %> |
<%= link_to "Zurück", artikelkategory_path(@artikelkategorie)%> |
<%= link_to "Show Warenkorb", warenkorbs_path %>


):
1:    <p style="color: green"><%= notice %></p>
2:    
3:    <h1>Artikels</h1>
4:    
5:    <div id="artikels">
6:      <%= render "artikelkat", artikelkategorie: @artikelkategorie%>
7:      <hr>
8:      <% @artikels.each do |artikel| %>
9:        <%= render "artikel", artikel: artikel %>
10:        <p>
11:          <%= link_to "Anzeigen", artikelkategory_artikel_path(@artikelkategorie, artikel) %>
12:        </p>
13:        <%= #link_to "Add", artikelkategory_artikels_add_path(artikel)%>
14:      <% end %>
15:    </div>
16:    
17:    <%= link_to "Neuer Artikel", new_artikelkategory_artikel_path(@artikelkategorie) %> |
18:    <%= link_to "Zurück", artikelkategory_path(@artikelkategorie)%> |
19:    <%= link_to "Show Warenkorb", warenkorbs_path %>
  
app/views/artikels/index.html.erb:23: unterminated regexp meets end of file
app/views/artikels/index.html.erb:23: regexp encoding option 'n' differs from source encoding 'UTF-8'
app/views/artikels/index.html.erb:23: /.../n has a non escaped non ASCII character in non ASCII-8BIT script: /div>
app/views/artikels/index.html.erb:23: syntax error, unexpected end-of-input, expecting ')'
app/views/artikels/index.html.erb:23: unterminated regexp meets end of file
app/views/artikels/index.html.erb:23: regexp encoding option 'n' differs from source encoding 'UTF-8'
app/views/artikels/index.html.erb:23: /.../n has a non escaped non ASCII character in non ASCII-8BIT script: /div>
app/views/artikels/index.html.erb:23: syntax error, unexpected end-of-input, expecting ')'
app/views/artikels/index.html.erb:23: unterminated regexp meets end of file
app/views/artikels/index.html.erb:23: regexp encoding option 'n' differs from source encoding 'UTF-8'
app/views/artikels/index.html.erb:23: /.../n has a non escaped non ASCII character in non ASCII-8BIT script: /div>
app/views/artikels/index.html.erb:23: syntax error, unexpected end-of-input, expecting ')'
app/views/artikels/index.html.erb:23: unterminated regexp meets end of file
app/views/artikels/index.html.erb:23: regexp encoding option 'n' differs from source encoding 'UTF-8'
app/views/artikels/index.html.erb:23: /.../n has a non escaped non ASCII character in non ASCII-8BIT script: /div>
app/views/artikels/index.html.erb:23: syntax error, unexpected end-of-input, expecting ')'
app/views/artikels/index.html.erb:23: unterminated regexp meets end of file
app/views/artikels/index.html.erb:23: regexp encoding option 'n' differs from source encoding 'UTF-8'
app/views/artikels/index.html.erb:23: /.../n has a non escaped non ASCII character in non ASCII-8BIT script: /div>
app/views/artikels/index.html.erb:23: syntax error, unexpected end-of-input, expecting ')'
app/views/artikels/index.html.erb:23: unterminated regexp meets end of file
app/views/artikels/index.html.erb:23: regexp encoding option 'n' differs from source encoding 'UTF-8'
app/views/artikels/index.html.erb:23: /.../n has a non escaped non ASCII character in non ASCII-8BIT script: /div>
app/views/artikels/index.html.erb:23: syntax error, unexpected end-of-input, expecting ')'
Started GET "/artikelkategories/1/artikels" for 127.0.0.1 at 2023-09-08 10:03:21 +0200
  [1m[36mActiveRecord::SchemaMigration Pluck (0.8ms)[0m  [1m[34mSELECT "schema_migrations"."version" FROM "schema_migrations" ORDER BY "schema_migrations"."version" ASC[0m
Processing by ArtikelsController#index as HTML
  Parameters: {"artikelkategory_id"=>"1"}
  [1m[36mArtikelkategorie Load (0.7ms)[0m  [1m[34mSELECT "artikelkategories".* FROM "artikelkategories" WHERE "artikelkategories"."id" = $1 LIMIT $2[0m  [["id", 1], ["LIMIT", 1]]
  ↳ app/controllers/artikels_controller.rb:56:in `set_artikelkategorie'
  Rendering layout layouts/application.html.erb
  Rendering artikels/index.html.erb within layouts/application
  Rendered artikels/index.html.erb within layouts/application (Duration: 1.2ms | Allocations: 2124)
  Rendered layout layouts/application.html.erb (Duration: 1.2ms | Allocations: 2210)
Completed 500 Internal Server Error in 33ms (ActiveRecord: 6.3ms | Allocations: 35266)


  
ActionView::SyntaxErrorInTemplate (Encountered a syntax error while rendering template: check <p style="color: green"><%= notice %></p>

<h1>Artikels</h1>

<div id="artikels">
  <%= render "artikelkat", artikelkategorie: @artikelkategorie%>
  <hr>
  <% @artikels.each do |artikel| %>
    <%= render "artikel", artikel: artikel %>
    <p>
      <%= link_to "Anzeigen", artikelkategory_artikel_path(@artikelkategorie, artikel) %>
    </p>
    <%= #link_to "Add", artikelkategory_artikels_add_path(artikel)%>
  <% end %>
</div>

<%= link_to "Neuer Artikel", new_artikelkategory_artikel_path(@artikelkategorie) %> |
<%= link_to "Zurück", artikelkategory_path(@artikelkategorie)%> |
<%= link_to "Show Warenkorb", warenkorbs_path %>


):
1:    <p style="color: green"><%= notice %></p>
2:    
3:    <h1>Artikels</h1>
4:    
5:    <div id="artikels">
6:      <%= render "artikelkat", artikelkategorie: @artikelkategorie%>
7:      <hr>
8:      <% @artikels.each do |artikel| %>
9:        <%= render "artikel", artikel: artikel %>
10:        <p>
11:          <%= link_to "Anzeigen", artikelkategory_artikel_path(@artikelkategorie, artikel) %>
12:        </p>
13:        <%= #link_to "Add", artikelkategory_artikels_add_path(artikel)%>
14:      <% end %>
15:    </div>
16:    
17:    <%= link_to "Neuer Artikel", new_artikelkategory_artikel_path(@artikelkategorie) %> |
18:    <%= link_to "Zurück", artikelkategory_path(@artikelkategorie)%> |
19:    <%= link_to "Show Warenkorb", warenkorbs_path %>
  
app/views/artikels/index.html.erb:23: unterminated regexp meets end of file
app/views/artikels/index.html.erb:23: regexp encoding option 'n' differs from source encoding 'UTF-8'
app/views/artikels/index.html.erb:23: /.../n has a non escaped non ASCII character in non ASCII-8BIT script: /div>
app/views/artikels/index.html.erb:23: syntax error, unexpected end-of-input, expecting ')'
app/views/artikels/index.html.erb:23: unterminated regexp meets end of file
app/views/artikels/index.html.erb:23: regexp encoding option 'n' differs from source encoding 'UTF-8'
app/views/artikels/index.html.erb:23: /.../n has a non escaped non ASCII character in non ASCII-8BIT script: /div>
app/views/artikels/index.html.erb:23: syntax error, unexpected end-of-input, expecting ')'
app/views/artikels/index.html.erb:23: unterminated regexp meets end of file
app/views/artikels/index.html.erb:23: regexp encoding option 'n' differs from source encoding 'UTF-8'
app/views/artikels/index.html.erb:23: /.../n has a non escaped non ASCII character in non ASCII-8BIT script: /div>
app/views/artikels/index.html.erb:23: syntax error, unexpected end-of-input, expecting ')'
app/views/artikels/index.html.erb:23: unterminated regexp meets end of file
app/views/artikels/index.html.erb:23: regexp encoding option 'n' differs from source encoding 'UTF-8'
app/views/artikels/index.html.erb:23: /.../n has a non escaped non ASCII character in non ASCII-8BIT script: /div>
app/views/artikels/index.html.erb:23: syntax error, unexpected end-of-input, expecting ')'
app/views/artikels/index.html.erb:23: unterminated regexp meets end of file
app/views/artikels/index.html.erb:23: regexp encoding option 'n' differs from source encoding 'UTF-8'
app/views/artikels/index.html.erb:23: /.../n has a non escaped non ASCII character in non ASCII-8BIT script: /div>
app/views/artikels/index.html.erb:23: syntax error, unexpected end-of-input, expecting ')'
app/views/artikels/index.html.erb:23: unterminated regexp meets end of file
app/views/artikels/index.html.erb:23: regexp encoding option 'n' differs from source encoding 'UTF-8'
app/views/artikels/index.html.erb:23: /.../n has a non escaped non ASCII character in non ASCII-8BIT script: /div>
app/views/artikels/index.html.erb:23: syntax error, unexpected end-of-input, expecting ')'
Started GET "/artikelkategories/1/artikels" for 127.0.0.1 at 2023-09-08 10:03:50 +0200
Processing by ArtikelsController#index as HTML
  Parameters: {"artikelkategory_id"=>"1"}
  [1m[36mArtikelkategorie Load (0.4ms)[0m  [1m[34mSELECT "artikelkategories".* FROM "artikelkategories" WHERE "artikelkategories"."id" = $1 LIMIT $2[0m  [["id", 1], ["LIMIT", 1]]
  ↳ app/controllers/artikels_controller.rb:56:in `set_artikelkategorie'
  Rendering layout layouts/application.html.erb
  Rendering artikels/index.html.erb within layouts/application
  Rendered artikels/index.html.erb within layouts/application (Duration: 2.1ms | Allocations: 1196)
  Rendered layout layouts/application.html.erb (Duration: 2.3ms | Allocations: 1269)
Completed 500 Internal Server Error in 7ms (ActiveRecord: 0.4ms | Allocations: 2066)


  
ActionView::SyntaxErrorInTemplate (Encountered a syntax error while rendering template: check <p style="color: green"><%= notice %></p>

<h1>Artikels</h1>

<div id="artikels">
  <%= render "artikelkat", artikelkategorie: @artikelkategorie%>
  <hr>
  <% @artikels.each do |artikel| %>
    <%= render "artikel", artikel: artikel %>
    <p>
      <%= link_to "Anzeigen", artikelkategory_artikel_path(@artikelkategorie, artikel) %>
    </p>
    <%= #link_to "Add", artikelkategory_artikels_add_path(artikel)%>
  <% end %>
</div>

<%= link_to "Neuer Artikel", new_artikelkategory_artikel_path(@artikelkategorie) %> |
<%= link_to "Zurück", artikelkategory_path(@artikelkategorie)%> |
<%= link_to "Show Warenkorb", warenkorbs_path %>


):
1:    <p style="color: green"><%= notice %></p>
2:    
3:    <h1>Artikels</h1>
4:    
5:    <div id="artikels">
6:      <%= render "artikelkat", artikelkategorie: @artikelkategorie%>
7:      <hr>
8:      <% @artikels.each do |artikel| %>
9:        <%= render "artikel", artikel: artikel %>
10:        <p>
11:          <%= link_to "Anzeigen", artikelkategory_artikel_path(@artikelkategorie, artikel) %>
12:        </p>
13:        <%= #link_to "Add", artikelkategory_artikels_add_path(artikel)%>
14:      <% end %>
15:    </div>
16:    
17:    <%= link_to "Neuer Artikel", new_artikelkategory_artikel_path(@artikelkategorie) %> |
18:    <%= link_to "Zurück", artikelkategory_path(@artikelkategorie)%> |
19:    <%= link_to "Show Warenkorb", warenkorbs_path %>
  
app/views/artikels/index.html.erb:23: unterminated regexp meets end of file
app/views/artikels/index.html.erb:23: regexp encoding option 'n' differs from source encoding 'UTF-8'
app/views/artikels/index.html.erb:23: /.../n has a non escaped non ASCII character in non ASCII-8BIT script: /div>
app/views/artikels/index.html.erb:23: syntax error, unexpected end-of-input, expecting ')'
app/views/artikels/index.html.erb:23: unterminated regexp meets end of file
app/views/artikels/index.html.erb:23: regexp encoding option 'n' differs from source encoding 'UTF-8'
app/views/artikels/index.html.erb:23: /.../n has a non escaped non ASCII character in non ASCII-8BIT script: /div>
app/views/artikels/index.html.erb:23: syntax error, unexpected end-of-input, expecting ')'
app/views/artikels/index.html.erb:23: unterminated regexp meets end of file
app/views/artikels/index.html.erb:23: regexp encoding option 'n' differs from source encoding 'UTF-8'
app/views/artikels/index.html.erb:23: /.../n has a non escaped non ASCII character in non ASCII-8BIT script: /div>
app/views/artikels/index.html.erb:23: syntax error, unexpected end-of-input, expecting ')'
app/views/artikels/index.html.erb:23: unterminated regexp meets end of file
app/views/artikels/index.html.erb:23: regexp encoding option 'n' differs from source encoding 'UTF-8'
app/views/artikels/index.html.erb:23: /.../n has a non escaped non ASCII character in non ASCII-8BIT script: /div>
app/views/artikels/index.html.erb:23: syntax error, unexpected end-of-input, expecting ')'
app/views/artikels/index.html.erb:23: unterminated regexp meets end of file
app/views/artikels/index.html.erb:23: regexp encoding option 'n' differs from source encoding 'UTF-8'
app/views/artikels/index.html.erb:23: /.../n has a non escaped non ASCII character in non ASCII-8BIT script: /div>
app/views/artikels/index.html.erb:23: syntax error, unexpected end-of-input, expecting ')'
app/views/artikels/index.html.erb:23: unterminated regexp meets end of file
app/views/artikels/index.html.erb:23: regexp encoding option 'n' differs from source encoding 'UTF-8'
app/views/artikels/index.html.erb:23: /.../n has a non escaped non ASCII character in non ASCII-8BIT script: /div>
app/views/artikels/index.html.erb:23: syntax error, unexpected end-of-input, expecting ')'
Started GET "/artikelkategories/1/artikels" for 127.0.0.1 at 2023-09-08 10:04:28 +0200
Processing by ArtikelsController#index as HTML
  Parameters: {"artikelkategory_id"=>"1"}
  [1m[36mArtikelkategorie Load (0.4ms)[0m  [1m[34mSELECT "artikelkategories".* FROM "artikelkategories" WHERE "artikelkategories"."id" = $1 LIMIT $2[0m  [["id", 1], ["LIMIT", 1]]
  ↳ app/controllers/artikels_controller.rb:56:in `set_artikelkategorie'
  Rendering layout layouts/application.html.erb
  Rendering artikels/index.html.erb within layouts/application
  Rendered artikels/index.html.erb within layouts/application (Duration: 1.2ms | Allocations: 1207)
  Rendered layout layouts/application.html.erb (Duration: 1.5ms | Allocations: 1281)
Completed 500 Internal Server Error in 9ms (ActiveRecord: 0.4ms | Allocations: 2852)


  
ActionView::SyntaxErrorInTemplate (Encountered a syntax error while rendering template: check <p style="color: green"><%= notice %></p>

<h1>Artikels</h1>

<div id="artikels">
  <%= render "artikelkat", artikelkategorie: @artikelkategorie%>
  <hr>
  <% @artikels.each do |artikel| %>
    <%= render "artikel", artikel: artikel %>
    <p>
      <%= link_to "Anzeigen", artikelkategory_artikel_path(@artikelkategorie, artikel) %>
    </p>
    <%= a#link_to "Add", artikelkategory_artikels_add_path(artikel)%>
  <% end %>
</div>

<%= link_to "Neuer Artikel", new_artikelkategory_artikel_path(@artikelkategorie) %> |
<%= link_to "Zurück", artikelkategory_path(@artikelkategorie)%> |
<%= link_to "Show Warenkorb", warenkorbs_path %>


):
1:    <p style="color: green"><%= notice %></p>
2:    
3:    <h1>Artikels</h1>
4:    
5:    <div id="artikels">
6:      <%= render "artikelkat", artikelkategorie: @artikelkategorie%>
7:      <hr>
8:      <% @artikels.each do |artikel| %>
9:        <%= render "artikel", artikel: artikel %>
10:        <p>
11:          <%= link_to "Anzeigen", artikelkategory_artikel_path(@artikelkategorie, artikel) %>
12:        </p>
13:        <%= a#link_to "Add", artikelkategory_artikels_add_path(artikel)%>
14:      <% end %>
15:    </div>
16:    
17:    <%= link_to "Neuer Artikel", new_artikelkategory_artikel_path(@artikelkategorie) %> |
18:    <%= link_to "Zurück", artikelkategory_path(@artikelkategorie)%> |
19:    <%= link_to "Show Warenkorb", warenkorbs_path %>
  
app/views/artikels/index.html.erb:23: unterminated regexp meets end of file
app/views/artikels/index.html.erb:23: regexp encoding option 'n' differs from source encoding 'UTF-8'
app/views/artikels/index.html.erb:23: /.../n has a non escaped non ASCII character in non ASCII-8BIT script: /div>
app/views/artikels/index.html.erb:23: syntax error, unexpected end-of-input, expecting ')'
app/views/artikels/index.html.erb:23: unterminated regexp meets end of file
app/views/artikels/index.html.erb:23: regexp encoding option 'n' differs from source encoding 'UTF-8'
app/views/artikels/index.html.erb:23: /.../n has a non escaped non ASCII character in non ASCII-8BIT script: /div>
app/views/artikels/index.html.erb:23: syntax error, unexpected end-of-input, expecting ')'
app/views/artikels/index.html.erb:23: unterminated regexp meets end of file
app/views/artikels/index.html.erb:23: regexp encoding option 'n' differs from source encoding 'UTF-8'
app/views/artikels/index.html.erb:23: /.../n has a non escaped non ASCII character in non ASCII-8BIT script: /div>
app/views/artikels/index.html.erb:23: syntax error, unexpected end-of-input, expecting ')'
app/views/artikels/index.html.erb:23: unterminated regexp meets end of file
app/views/artikels/index.html.erb:23: regexp encoding option 'n' differs from source encoding 'UTF-8'
app/views/artikels/index.html.erb:23: /.../n has a non escaped non ASCII character in non ASCII-8BIT script: /div>
app/views/artikels/index.html.erb:23: syntax error, unexpected end-of-input, expecting ')'
app/views/artikels/index.html.erb:23: unterminated regexp meets end of file
app/views/artikels/index.html.erb:23: regexp encoding option 'n' differs from source encoding 'UTF-8'
app/views/artikels/index.html.erb:23: /.../n has a non escaped non ASCII character in non ASCII-8BIT script: /div>
app/views/artikels/index.html.erb:23: syntax error, unexpected end-of-input, expecting ')'
app/views/artikels/index.html.erb:23: unterminated regexp meets end of file
app/views/artikels/index.html.erb:23: regexp encoding option 'n' differs from source encoding 'UTF-8'
app/views/artikels/index.html.erb:23: /.../n has a non escaped non ASCII character in non ASCII-8BIT script: /div>
app/views/artikels/index.html.erb:23: syntax error, unexpected end-of-input, expecting ')'
Started GET "/artikelkategories/1/artikels" for 127.0.0.1 at 2023-09-08 10:04:49 +0200
Processing by ArtikelsController#index as HTML
  Parameters: {"artikelkategory_id"=>"1"}
  [1m[36mArtikelkategorie Load (0.2ms)[0m  [1m[34mSELECT "artikelkategories".* FROM "artikelkategories" WHERE "artikelkategories"."id" = $1 LIMIT $2[0m  [["id", 1], ["LIMIT", 1]]
  ↳ app/controllers/artikels_controller.rb:56:in `set_artikelkategorie'
  Rendering layout layouts/application.html.erb
  Rendering artikels/index.html.erb within layouts/application
  Rendered artikels/index.html.erb within layouts/application (Duration: 1.3ms | Allocations: 1204)
  Rendered layout layouts/application.html.erb (Duration: 1.6ms | Allocations: 1277)
Completed 500 Internal Server Error in 8ms (ActiveRecord: 0.2ms | Allocations: 2832)


  
ActionView::SyntaxErrorInTemplate (Encountered a syntax error while rendering template: check <p style="color: green"><%= notice %></p>

<h1>Artikels</h1>

<div id="artikels">
  <%= render "artikelkat", artikelkategorie: @artikelkategorie%>
  <hr>
  <% @artikels.each do |artikel| %>
    <%= render "artikel", artikel: artikel %>
    <p>
      <%= link_to "Anzeigen", artikelkategory_artikel_path(@artikelkategorie, artikel) %>
    </p>
    <%= #link_to "Add", artikelkategory_artikels_add_path(artikel)%>
  <% end %>
</div>

<%= link_to "Neuer Artikel", new_artikelkategory_artikel_path(@artikelkategorie) %> |
<%= link_to "Zurück", artikelkategory_path(@artikelkategorie)%> |
<%= link_to "Show Warenkorb", warenkorbs_path %>


):
1:    <p style="color: green"><%= notice %></p>
2:    
3:    <h1>Artikels</h1>
4:    
5:    <div id="artikels">
6:      <%= render "artikelkat", artikelkategorie: @artikelkategorie%>
7:      <hr>
8:      <% @artikels.each do |artikel| %>
9:        <%= render "artikel", artikel: artikel %>
10:        <p>
11:          <%= link_to "Anzeigen", artikelkategory_artikel_path(@artikelkategorie, artikel) %>
12:        </p>
13:        <%= #link_to "Add", artikelkategory_artikels_add_path(artikel)%>
14:      <% end %>
15:    </div>
16:    
17:    <%= link_to "Neuer Artikel", new_artikelkategory_artikel_path(@artikelkategorie) %> |
18:    <%= link_to "Zurück", artikelkategory_path(@artikelkategorie)%> |
19:    <%= link_to "Show Warenkorb", warenkorbs_path %>
  
app/views/artikels/index.html.erb:23: unterminated regexp meets end of file
app/views/artikels/index.html.erb:23: regexp encoding option 'n' differs from source encoding 'UTF-8'
app/views/artikels/index.html.erb:23: /.../n has a non escaped non ASCII character in non ASCII-8BIT script: /div>
app/views/artikels/index.html.erb:23: syntax error, unexpected end-of-input, expecting ')'
app/views/artikels/index.html.erb:23: unterminated regexp meets end of file
app/views/artikels/index.html.erb:23: regexp encoding option 'n' differs from source encoding 'UTF-8'
app/views/artikels/index.html.erb:23: /.../n has a non escaped non ASCII character in non ASCII-8BIT script: /div>
app/views/artikels/index.html.erb:23: syntax error, unexpected end-of-input, expecting ')'
app/views/artikels/index.html.erb:23: unterminated regexp meets end of file
app/views/artikels/index.html.erb:23: regexp encoding option 'n' differs from source encoding 'UTF-8'
app/views/artikels/index.html.erb:23: /.../n has a non escaped non ASCII character in non ASCII-8BIT script: /div>
app/views/artikels/index.html.erb:23: syntax error, unexpected end-of-input, expecting ')'
app/views/artikels/index.html.erb:23: unterminated regexp meets end of file
app/views/artikels/index.html.erb:23: regexp encoding option 'n' differs from source encoding 'UTF-8'
app/views/artikels/index.html.erb:23: /.../n has a non escaped non ASCII character in non ASCII-8BIT script: /div>
app/views/artikels/index.html.erb:23: syntax error, unexpected end-of-input, expecting ')'
app/views/artikels/index.html.erb:23: unterminated regexp meets end of file
app/views/artikels/index.html.erb:23: regexp encoding option 'n' differs from source encoding 'UTF-8'
app/views/artikels/index.html.erb:23: /.../n has a non escaped non ASCII character in non ASCII-8BIT script: /div>
app/views/artikels/index.html.erb:23: syntax error, unexpected end-of-input, expecting ')'
app/views/artikels/index.html.erb:23: unterminated regexp meets end of file
app/views/artikels/index.html.erb:23: regexp encoding option 'n' differs from source encoding 'UTF-8'
app/views/artikels/index.html.erb:23: /.../n has a non escaped non ASCII character in non ASCII-8BIT script: /div>
app/views/artikels/index.html.erb:23: syntax error, unexpected end-of-input, expecting ')'
Started GET "/artikelkategories/1/artikels" for 127.0.0.1 at 2023-09-08 10:04:50 +0200
Processing by ArtikelsController#index as HTML
  Parameters: {"artikelkategory_id"=>"1"}
  [1m[36mArtikelkategorie Load (0.4ms)[0m  [1m[34mSELECT "artikelkategories".* FROM "artikelkategories" WHERE "artikelkategories"."id" = $1 LIMIT $2[0m  [["id", 1], ["LIMIT", 1]]
  ↳ app/controllers/artikels_controller.rb:56:in `set_artikelkategorie'
  Rendering layout layouts/application.html.erb
  Rendering artikels/index.html.erb within layouts/application
  Rendered artikels/index.html.erb within layouts/application (Duration: 1.1ms | Allocations: 1195)
  Rendered layout layouts/application.html.erb (Duration: 1.4ms | Allocations: 1267)
Completed 500 Internal Server Error in 5ms (ActiveRecord: 0.4ms | Allocations: 2044)


  
ActionView::SyntaxErrorInTemplate (Encountered a syntax error while rendering template: check <p style="color: green"><%= notice %></p>

<h1>Artikels</h1>

<div id="artikels">
  <%= render "artikelkat", artikelkategorie: @artikelkategorie%>
  <hr>
  <% @artikels.each do |artikel| %>
    <%= render "artikel", artikel: artikel %>
    <p>
      <%= link_to "Anzeigen", artikelkategory_artikel_path(@artikelkategorie, artikel) %>
    </p>
    <%= #link_to "Add", artikelkategory_artikels_add_path(artikel)%>
  <% end %>
</div>

<%= link_to "Neuer Artikel", new_artikelkategory_artikel_path(@artikelkategorie) %> |
<%= link_to "Zurück", artikelkategory_path(@artikelkategorie)%> |
<%= link_to "Show Warenkorb", warenkorbs_path %>


):
1:    <p style="color: green"><%= notice %></p>
2:    
3:    <h1>Artikels</h1>
4:    
5:    <div id="artikels">
6:      <%= render "artikelkat", artikelkategorie: @artikelkategorie%>
7:      <hr>
8:      <% @artikels.each do |artikel| %>
9:        <%= render "artikel", artikel: artikel %>
10:        <p>
11:          <%= link_to "Anzeigen", artikelkategory_artikel_path(@artikelkategorie, artikel) %>
12:        </p>
13:        <%= #link_to "Add", artikelkategory_artikels_add_path(artikel)%>
14:      <% end %>
15:    </div>
16:    
17:    <%= link_to "Neuer Artikel", new_artikelkategory_artikel_path(@artikelkategorie) %> |
18:    <%= link_to "Zurück", artikelkategory_path(@artikelkategorie)%> |
19:    <%= link_to "Show Warenkorb", warenkorbs_path %>
  
app/views/artikels/index.html.erb:23: unterminated regexp meets end of file
app/views/artikels/index.html.erb:23: regexp encoding option 'n' differs from source encoding 'UTF-8'
app/views/artikels/index.html.erb:23: /.../n has a non escaped non ASCII character in non ASCII-8BIT script: /div>
app/views/artikels/index.html.erb:23: syntax error, unexpected end-of-input, expecting ')'
app/views/artikels/index.html.erb:23: unterminated regexp meets end of file
app/views/artikels/index.html.erb:23: regexp encoding option 'n' differs from source encoding 'UTF-8'
app/views/artikels/index.html.erb:23: /.../n has a non escaped non ASCII character in non ASCII-8BIT script: /div>
app/views/artikels/index.html.erb:23: syntax error, unexpected end-of-input, expecting ')'
app/views/artikels/index.html.erb:23: unterminated regexp meets end of file
app/views/artikels/index.html.erb:23: regexp encoding option 'n' differs from source encoding 'UTF-8'
app/views/artikels/index.html.erb:23: /.../n has a non escaped non ASCII character in non ASCII-8BIT script: /div>
app/views/artikels/index.html.erb:23: syntax error, unexpected end-of-input, expecting ')'
app/views/artikels/index.html.erb:23: unterminated regexp meets end of file
app/views/artikels/index.html.erb:23: regexp encoding option 'n' differs from source encoding 'UTF-8'
app/views/artikels/index.html.erb:23: /.../n has a non escaped non ASCII character in non ASCII-8BIT script: /div>
app/views/artikels/index.html.erb:23: syntax error, unexpected end-of-input, expecting ')'
app/views/artikels/index.html.erb:23: unterminated regexp meets end of file
app/views/artikels/index.html.erb:23: regexp encoding option 'n' differs from source encoding 'UTF-8'
app/views/artikels/index.html.erb:23: /.../n has a non escaped non ASCII character in non ASCII-8BIT script: /div>
app/views/artikels/index.html.erb:23: syntax error, unexpected end-of-input, expecting ')'
app/views/artikels/index.html.erb:23: unterminated regexp meets end of file
app/views/artikels/index.html.erb:23: regexp encoding option 'n' differs from source encoding 'UTF-8'
app/views/artikels/index.html.erb:23: /.../n has a non escaped non ASCII character in non ASCII-8BIT script: /div>
app/views/artikels/index.html.erb:23: syntax error, unexpected end-of-input, expecting ')'
Started GET "/artikelkategories" for 127.0.0.1 at 2023-09-08 10:04:55 +0200
Processing by ArtikelkategoriesController#index as HTML
  Rendering layout layouts/application.html.erb
  Rendering artikelkategories/index.html.erb within layouts/application
  [1m[36mArtikelkategorie Load (0.3ms)[0m  [1m[34mSELECT "artikelkategories".* FROM "artikelkategories"[0m
  ↳ app/views/artikelkategories/index.html.erb:6
  Rendered artikelkategories/_artikelkategorie.html.erb (Duration: 0.4ms | Allocations: 209)
  Rendered artikelkategories/_artikelkategorie.html.erb (Duration: 0.0ms | Allocations: 16)
  Rendered artikelkategories/_artikelkategorie.html.erb (Duration: 0.0ms | Allocations: 16)
  Rendered artikelkategories/index.html.erb within layouts/application (Duration: 5.4ms | Allocations: 2191)
  Rendered layout layouts/application.html.erb (Duration: 29.9ms | Allocations: 37189)
Completed 200 OK in 32ms (Views: 30.7ms | ActiveRecord: 0.3ms | Allocations: 38159)


Started GET "/artikelkategories/1" for 127.0.0.1 at 2023-09-08 10:04:57 +0200
Processing by ArtikelkategoriesController#show as HTML
  Parameters: {"id"=>"1"}
  [1m[36mArtikelkategorie Load (0.4ms)[0m  [1m[34mSELECT "artikelkategories".* FROM "artikelkategories" WHERE "artikelkategories"."id" = $1 LIMIT $2[0m  [["id", 1], ["LIMIT", 1]]
  ↳ app/controllers/artikelkategories_controller.rb:47:in `set_artikelkategory'
  Rendering layout layouts/application.html.erb
  Rendering artikelkategories/show.html.erb within layouts/application
  Rendered artikelkategories/_artikelkategorie.html.erb (Duration: 0.1ms | Allocations: 17)
  Rendered artikelkategories/show.html.erb within layouts/application (Duration: 3.0ms | Allocations: 872)
  Rendered layout layouts/application.html.erb (Duration: 7.3ms | Allocations: 3079)
Completed 200 OK in 12ms (Views: 8.2ms | ActiveRecord: 0.4ms | Allocations: 3918)


Started GET "/artikelkategories/1/artikels" for 127.0.0.1 at 2023-09-08 10:04:59 +0200
Processing by ArtikelsController#index as HTML
  Parameters: {"artikelkategory_id"=>"1"}
  [1m[36mArtikelkategorie Load (0.2ms)[0m  [1m[34mSELECT "artikelkategories".* FROM "artikelkategories" WHERE "artikelkategories"."id" = $1 LIMIT $2[0m  [["id", 1], ["LIMIT", 1]]
  ↳ app/controllers/artikels_controller.rb:56:in `set_artikelkategorie'
  Rendering layout layouts/application.html.erb
  Rendering artikels/index.html.erb within layouts/application
  Rendered artikels/index.html.erb within layouts/application (Duration: 1.4ms | Allocations: 1191)
  Rendered layout layouts/application.html.erb (Duration: 1.6ms | Allocations: 1264)
Completed 500 Internal Server Error in 5ms (ActiveRecord: 0.2ms | Allocations: 2058)


  
ActionView::SyntaxErrorInTemplate (Encountered a syntax error while rendering template: check <p style="color: green"><%= notice %></p>

<h1>Artikels</h1>

<div id="artikels">
  <%= render "artikelkat", artikelkategorie: @artikelkategorie%>
  <hr>
  <% @artikels.each do |artikel| %>
    <%= render "artikel", artikel: artikel %>
    <p>
      <%= link_to "Anzeigen", artikelkategory_artikel_path(@artikelkategorie, artikel) %>
    </p>
    <%= #link_to "Add", artikelkategory_artikels_add_path(artikel)%>
  <% end %>
</div>

<%= link_to "Neuer Artikel", new_artikelkategory_artikel_path(@artikelkategorie) %> |
<%= link_to "Zurück", artikelkategory_path(@artikelkategorie)%> |
<%= link_to "Show Warenkorb", warenkorbs_path %>


):
1:    <p style="color: green"><%= notice %></p>
2:    
3:    <h1>Artikels</h1>
4:    
5:    <div id="artikels">
6:      <%= render "artikelkat", artikelkategorie: @artikelkategorie%>
7:      <hr>
8:      <% @artikels.each do |artikel| %>
9:        <%= render "artikel", artikel: artikel %>
10:        <p>
11:          <%= link_to "Anzeigen", artikelkategory_artikel_path(@artikelkategorie, artikel) %>
12:        </p>
13:        <%= #link_to "Add", artikelkategory_artikels_add_path(artikel)%>
14:      <% end %>
15:    </div>
16:    
17:    <%= link_to "Neuer Artikel", new_artikelkategory_artikel_path(@artikelkategorie) %> |
18:    <%= link_to "Zurück", artikelkategory_path(@artikelkategorie)%> |
19:    <%= link_to "Show Warenkorb", warenkorbs_path %>
  
app/views/artikels/index.html.erb:23: unterminated regexp meets end of file
app/views/artikels/index.html.erb:23: regexp encoding option 'n' differs from source encoding 'UTF-8'
app/views/artikels/index.html.erb:23: /.../n has a non escaped non ASCII character in non ASCII-8BIT script: /div>
app/views/artikels/index.html.erb:23: syntax error, unexpected end-of-input, expecting ')'
app/views/artikels/index.html.erb:23: unterminated regexp meets end of file
app/views/artikels/index.html.erb:23: regexp encoding option 'n' differs from source encoding 'UTF-8'
app/views/artikels/index.html.erb:23: /.../n has a non escaped non ASCII character in non ASCII-8BIT script: /div>
app/views/artikels/index.html.erb:23: syntax error, unexpected end-of-input, expecting ')'
app/views/artikels/index.html.erb:23: unterminated regexp meets end of file
app/views/artikels/index.html.erb:23: regexp encoding option 'n' differs from source encoding 'UTF-8'
app/views/artikels/index.html.erb:23: /.../n has a non escaped non ASCII character in non ASCII-8BIT script: /div>
app/views/artikels/index.html.erb:23: syntax error, unexpected end-of-input, expecting ')'
app/views/artikels/index.html.erb:23: unterminated regexp meets end of file
app/views/artikels/index.html.erb:23: regexp encoding option 'n' differs from source encoding 'UTF-8'
app/views/artikels/index.html.erb:23: /.../n has a non escaped non ASCII character in non ASCII-8BIT script: /div>
app/views/artikels/index.html.erb:23: syntax error, unexpected end-of-input, expecting ')'
app/views/artikels/index.html.erb:23: unterminated regexp meets end of file
app/views/artikels/index.html.erb:23: regexp encoding option 'n' differs from source encoding 'UTF-8'
app/views/artikels/index.html.erb:23: /.../n has a non escaped non ASCII character in non ASCII-8BIT script: /div>
app/views/artikels/index.html.erb:23: syntax error, unexpected end-of-input, expecting ')'
app/views/artikels/index.html.erb:23: unterminated regexp meets end of file
app/views/artikels/index.html.erb:23: regexp encoding option 'n' differs from source encoding 'UTF-8'
app/views/artikels/index.html.erb:23: /.../n has a non escaped non ASCII character in non ASCII-8BIT script: /div>
app/views/artikels/index.html.erb:23: syntax error, unexpected end-of-input, expecting ')'
